null device 
          1 
pdf 
  2 
null device 
          1 
##------ Wed Apr  1 23:59:01 2015 ------##
--- 현재 세션에서 사용할 CRAN 미러를 선택해 주세요 ---

다운로드된 바이너리 패키지들은 다음의 위치에 있습니다
	/var/folders/_h/tg1th9bd4h98rjjb5vy9gn3m0000gn/T//RtmpWCb9wI/downloaded_packages
[1] "/Users/coop2711/Dropbox/Works/Class/Case_studies_in_stat/R.WD/Economic_Activity"
[1] "a"                 "anscombe"          "econ.activity"    
[4] "employment.rate"   "levels"            "mydata"           
[7] "unemployment.rate" "v.names"          
[1] "top.income.shares"    "US.top.income.shares" "v"                   
[4] "year"                
       V1    V2    V3    V4    V5   V6    V7    V8   V9  V10  V11
1      NA    NA 17.96 14.73  8.62 2.76    NA    NA 3.23 6.11 5.86
2      NA    NA 18.16 15.08  8.60 2.73    NA    NA 3.08 6.48 5.87
3      NA    NA 17.58 14.58  9.22 4.36    NA    NA 3.00 5.36 4.86
4      NA    NA 19.31 16.37 10.51 4.78    NA    NA 2.94 5.86 5.73
5   40.51 30.64 17.74 14.34  8.40 3.37  9.87 12.90 3.39 5.94 5.04
6   40.11 29.49 15.96 12.43  6.72 2.45 10.61 13.53 3.53 5.71 4.26
7   40.32 30.17 16.41 12.64  6.63 2.29 10.15 13.76 3.77 6.01 4.34
8   39.01 28.32 14.83 11.14  5.36 1.66 10.69 13.49 3.69 5.79 3.69
9   43.18 30.80 15.64 11.70  5.60 1.69 12.38 15.17 3.94 6.10 3.91
10  43.72 31.94 17.06 13.06  6.64 2.27 11.78 14.89 4.00 6.42 4.36
11  41.46 29.78 15.64 11.91  5.91 2.00 11.68 14.13 3.73 6.00 3.91
12  44.41 32.11 17.42 13.40  6.79 2.32 12.29 14.69 4.02 6.61 4.46
13  46.35 35.01 20.24 15.86  8.52 3.31 11.34 14.77 4.38 7.34 5.21
14  45.71 34.61 19.91 15.55  8.46 3.36 11.10 14.70 4.36 7.09 5.09
15  46.67 35.69 21.03 16.60  9.25 3.75 10.98 14.67 4.43 7.34 5.50
16  49.29 38.56 23.94 19.40 11.54 5.02 10.73 14.62 4.54 7.86 6.52
17  46.71 36.48 22.35 18.07 10.91 4.99 10.23 14.13 4.29 7.15 5.92
18  43.87 32.06 17.22 13.20  7.07 2.84 11.80 14.84 4.02 6.13 4.23
19  44.54 31.23 15.50 11.57  5.89 2.25 13.31 15.73 3.93 5.67 3.64
20  46.37 32.67 15.56 11.62  5.97 1.99 13.70 17.11 3.93 5.65 3.98
21  45.60 33.19 16.46 12.46  6.61 2.34 12.42 16.73 4.00 5.86 4.26
22  45.78 33.71 16.40 12.30  6.13 2.07 12.07 17.32 4.10 6.17 4.06
23  44.49 32.28 16.68 12.63  6.39 2.19 12.21 15.61 4.04 6.24 4.20
24  46.59 34.64 19.29 14.86  7.57 2.54 11.96 15.35 4.43 7.29 5.03
25  44.23 32.27 17.15 13.02  6.49 2.17 11.96 15.12 4.13 6.53 4.32
26  44.07 31.34 15.75 11.78  5.88 2.19 12.73 15.59 3.98 5.89 3.69
27  45.52 32.28 16.18 12.06  5.87 1.96 13.24 16.10 4.12 6.19 3.91
28  45.29 32.22 16.48 12.33  6.01 2.04 13.07 15.74 4.14 6.33 3.96
29  41.93 29.99 15.79 11.86  5.81 1.98 11.94 14.21 3.92 6.06 3.83
30  36.13 25.80 13.43 10.07  4.81 1.55 10.32 12.37 3.36 5.26 3.27
31  33.69 24.08 12.31  9.15  4.26 1.24  9.61 11.77 3.16 4.88 3.03
32  32.51 22.77 11.28  8.26  3.76 1.16  9.75 11.48 3.02 4.50 2.59
33  34.42 24.79 12.52  9.14  4.16 1.26  9.63 12.28 3.38 4.98 2.90
34  36.70 26.77 13.28  9.61  4.39 1.47  9.93 13.49 3.66 5.22 2.92
35  34.35 24.68 11.96  8.61  3.92 1.30  9.67 12.72 3.34 4.70 2.61
36  35.01 25.06 12.24  8.90  4.06 1.31  9.96 12.81 3.34 4.85 2.75
37  34.75 24.51 11.73  8.48  3.83 1.24 10.25 12.78 3.25 4.64 2.59
38  35.56 25.53 12.82  9.37  4.39 1.22 10.03 12.71 3.45 4.98 3.17
39  34.22 24.20 11.79  8.53  3.89 1.28 10.02 12.41 3.26 4.64 2.61
40  33.21 23.07 10.79  7.74  3.43 1.09 10.14 12.28 3.05 4.31 2.34
41  32.31 22.01  9.90  7.02  3.06 0.97 10.29 12.11 2.88 3.97 2.09
42  33.64 23.30 10.77  7.71  3.49 1.17 10.34 12.52 3.06 4.22 2.32
43  33.94 23.60 11.06  7.96  3.71 1.32 10.34 12.54 3.10 4.25 2.40
44  33.46 23.13 10.67  7.70  3.49 1.20 10.34 12.45 2.97 4.22 2.29
45  32.99 22.60 10.16  7.23  3.18 1.05 10.38 12.44 2.93 4.05 2.13
46  33.56 22.93 10.21  7.27  3.22 1.08 10.63 12.72 2.94 4.05 2.14
47  34.00 23.39 10.65  7.72  3.45 1.19 10.61 12.74 2.93 4.27 2.26
48  33.48 22.57 10.03  7.13  3.25 1.17 10.90 12.54 2.91 3.88 2.07
49  34.25 23.50 10.64  7.66  3.65 1.38 10.75 12.86 2.98 4.01 2.27
50  33.70 22.81  9.95  7.06  3.19 1.16 10.90 12.86 2.89 3.86 2.03
51  33.78 22.84  9.92  7.00  3.15 1.15 10.94 12.93 2.92 3.85 2.00
52  34.42 23.50 10.48  7.39  3.37 1.30 10.92 13.02 3.09 4.01 2.07
53  34.78 23.88 10.89  7.73  3.66 1.49 10.90 12.98 3.17 4.07 2.17
54  33.67 22.92 10.18  7.22  3.39 1.29 10.75 12.74 2.96 3.83 2.10
55  34.44 23.70 10.74  7.67  3.68 1.42 10.74 12.96 3.06 4.00 2.26
56  34.85 24.15 11.21  8.14  4.02 1.61 10.70 12.94 3.07 4.12 2.41
57  33.93 23.08 10.35  7.45  3.69 1.56 10.85 12.73 2.91 3.75 2.14
58  32.63 21.66  9.03  6.25  2.78 1.00 10.96 12.64 2.77 3.48 1.78
59  33.34 22.26  9.40  6.56  2.99 1.11 11.08 12.86 2.84 3.58 1.87
60  33.59 22.52  9.64  6.78  3.13 1.18 11.07 12.88 2.86 3.65 1.95
61  33.33 22.21  9.16  6.30  2.76 0.94 11.12 13.05 2.86 3.54 1.82
62  33.31 22.12  9.12  6.31  2.73 0.88 11.19 13.00 2.82 3.58 1.85
63  33.43 21.98  8.87  6.07  2.56 0.85 11.45 13.11 2.80 3.50 1.72
64  33.41 21.97  8.86  6.07  2.59 0.86 11.44 13.11 2.79 3.47 1.73
65  33.58 22.12  9.03  6.22  2.71 0.92 11.46 13.10 2.81 3.51 1.78
66  33.49 22.04  8.95  6.16  2.65 0.86 11.45 13.09 2.79 3.51 1.79
67  34.21 22.93  9.96  7.11  3.44 1.37 11.28 12.97 2.85 3.67 2.07
68  34.63 23.17 10.02  7.15  3.41 1.28 11.47 13.15 2.87 3.74 2.13
69  34.54 23.04 10.02  7.23  3.57 1.37 11.51 13.02 2.78 3.67 2.20
70  35.33 23.83 10.80  7.97  4.18 1.73 11.50 13.04 2.83 3.79 2.44
71  36.38 24.85 11.56  8.63  4.62 1.88 11.53 13.30 2.92 4.01 2.74
72  36.74 25.29 11.99  9.04  4.98 2.15 11.45 13.30 2.95 4.06 2.83
73  37.56 26.12 12.67  9.63  5.32 2.24 11.44 13.45 3.04 4.31 3.08
74  40.63 29.49 15.92 12.62  7.40 3.34 11.14 13.57 3.30 5.22 4.05
75  38.25 26.54 12.66  9.45  4.90 1.91 11.71 13.88 3.21 4.55 2.99
76  40.63 29.29 15.49 12.09  6.80 2.86 11.34 13.80 3.40 5.29 3.94
77  40.08 28.55 14.49 11.08  6.00 2.45 11.54 14.06 3.41 5.08 3.54
78  39.98 28.41 14.33 10.94  5.82 2.33 11.57 14.08 3.39 5.12 3.49
79  39.55 27.72 13.36  9.99  5.12 1.96 11.82 14.36 3.38 4.86 3.17
80  40.82 29.06 14.67 11.20  6.03 2.46 11.76 14.39 3.47 5.17 3.57
81  40.68 28.83 14.24 10.78  5.73 2.32 11.85 14.60 3.46 5.05 3.41
82  40.78 28.89 14.23 10.73  5.70 2.29 11.89 14.66 3.50 5.03 3.41
83  42.11 30.22 15.23 11.57  6.21 2.46 11.89 14.99 3.66 5.36 3.74
84  43.48 31.76 16.69 12.91  7.24 3.06 11.73 15.07 3.78 5.67 4.18
85  44.64 33.14 18.02 14.16  8.19 3.53 11.50 15.13 3.86 5.97 4.66
86  45.39 34.10 19.09 15.18  9.00 3.92 11.30 15.01 3.91 6.18 5.07
87  46.47 35.22 20.04 16.04  9.62 4.21 11.25 15.17 4.01 6.41 5.41
88  47.61 36.61 21.52 17.46 10.88 5.07 11.00 15.09 4.07 6.58 5.80
89  44.82 33.35 18.22 14.32  8.37 3.70 11.47 15.13 3.90 5.96 4.67
90  43.82 32.07 16.87 13.04  7.34 3.14 11.75 15.20 3.83 5.70 4.20
91  44.53 32.77 17.53 13.67  7.87 3.49 11.76 15.24 3.86 5.80 4.38
92  46.40 34.95 19.75 15.74  9.47 4.34 11.45 15.20 4.01 6.28 5.12
93  48.33 37.16 21.92 17.77 10.98 5.13 11.18 15.24 4.15 6.79 5.86
94  49.32 38.08 22.82 18.62 11.59 5.46 11.24 15.26 4.21 7.03 6.13
95  49.74 38.67 23.50 19.31 12.28 6.04 11.07 15.17 4.19 7.04 6.24
96  48.23 36.52 20.95 16.87 10.40 5.03 11.71 15.57 4.08 6.47 5.37
97  46.50 34.11 18.12 14.15  8.30 3.89 12.39 15.99 3.97 5.86 4.40
98  48.04 35.85 19.86 15.83  9.66 4.78 12.19 15.99 4.03 6.17 4.88
99  48.13 35.89 19.65 15.55  9.27 4.32 12.24 16.24 4.10 6.28 4.94
100 50.42 38.56 22.46 18.22 11.33 5.47 11.87 16.09 4.25 6.89 5.86
    year P90_100 P95_100 P99_100 P99.5_100 P99.9_100 P99.99_100 P90_95 P95_99
1   1913      NA      NA   17.96     14.73      8.62       2.76     NA     NA
2   1914      NA      NA   18.16     15.08      8.60       2.73     NA     NA
3   1915      NA      NA   17.58     14.58      9.22       4.36     NA     NA
4   1916      NA      NA   19.31     16.37     10.51       4.78     NA     NA
5   1917   40.51   30.64   17.74     14.34      8.40       3.37   9.87  12.90
6   1918   40.11   29.49   15.96     12.43      6.72       2.45  10.61  13.53
7   1919   40.32   30.17   16.41     12.64      6.63       2.29  10.15  13.76
8   1920   39.01   28.32   14.83     11.14      5.36       1.66  10.69  13.49
9   1921   43.18   30.80   15.64     11.70      5.60       1.69  12.38  15.17
10  1922   43.72   31.94   17.06     13.06      6.64       2.27  11.78  14.89
11  1923   41.46   29.78   15.64     11.91      5.91       2.00  11.68  14.13
12  1924   44.41   32.11   17.42     13.40      6.79       2.32  12.29  14.69
13  1925   46.35   35.01   20.24     15.86      8.52       3.31  11.34  14.77
14  1926   45.71   34.61   19.91     15.55      8.46       3.36  11.10  14.70
15  1927   46.67   35.69   21.03     16.60      9.25       3.75  10.98  14.67
16  1928   49.29   38.56   23.94     19.40     11.54       5.02  10.73  14.62
17  1929   46.71   36.48   22.35     18.07     10.91       4.99  10.23  14.13
18  1930   43.87   32.06   17.22     13.20      7.07       2.84  11.80  14.84
19  1931   44.54   31.23   15.50     11.57      5.89       2.25  13.31  15.73
20  1932   46.37   32.67   15.56     11.62      5.97       1.99  13.70  17.11
21  1933   45.60   33.19   16.46     12.46      6.61       2.34  12.42  16.73
22  1934   45.78   33.71   16.40     12.30      6.13       2.07  12.07  17.32
23  1935   44.49   32.28   16.68     12.63      6.39       2.19  12.21  15.61
24  1936   46.59   34.64   19.29     14.86      7.57       2.54  11.96  15.35
25  1937   44.23   32.27   17.15     13.02      6.49       2.17  11.96  15.12
26  1938   44.07   31.34   15.75     11.78      5.88       2.19  12.73  15.59
27  1939   45.52   32.28   16.18     12.06      5.87       1.96  13.24  16.10
28  1940   45.29   32.22   16.48     12.33      6.01       2.04  13.07  15.74
29  1941   41.93   29.99   15.79     11.86      5.81       1.98  11.94  14.21
30  1942   36.13   25.80   13.43     10.07      4.81       1.55  10.32  12.37
31  1943   33.69   24.08   12.31      9.15      4.26       1.24   9.61  11.77
32  1944   32.51   22.77   11.28      8.26      3.76       1.16   9.75  11.48
33  1945   34.42   24.79   12.52      9.14      4.16       1.26   9.63  12.28
34  1946   36.70   26.77   13.28      9.61      4.39       1.47   9.93  13.49
35  1947   34.35   24.68   11.96      8.61      3.92       1.30   9.67  12.72
36  1948   35.01   25.06   12.24      8.90      4.06       1.31   9.96  12.81
37  1949   34.75   24.51   11.73      8.48      3.83       1.24  10.25  12.78
38  1950   35.56   25.53   12.82      9.37      4.39       1.22  10.03  12.71
39  1951   34.22   24.20   11.79      8.53      3.89       1.28  10.02  12.41
40  1952   33.21   23.07   10.79      7.74      3.43       1.09  10.14  12.28
41  1953   32.31   22.01    9.90      7.02      3.06       0.97  10.29  12.11
42  1954   33.64   23.30   10.77      7.71      3.49       1.17  10.34  12.52
43  1955   33.94   23.60   11.06      7.96      3.71       1.32  10.34  12.54
44  1956   33.46   23.13   10.67      7.70      3.49       1.20  10.34  12.45
45  1957   32.99   22.60   10.16      7.23      3.18       1.05  10.38  12.44
46  1958   33.56   22.93   10.21      7.27      3.22       1.08  10.63  12.72
47  1959   34.00   23.39   10.65      7.72      3.45       1.19  10.61  12.74
48  1960   33.48   22.57   10.03      7.13      3.25       1.17  10.90  12.54
49  1961   34.25   23.50   10.64      7.66      3.65       1.38  10.75  12.86
50  1962   33.70   22.81    9.95      7.06      3.19       1.16  10.90  12.86
51  1963   33.78   22.84    9.92      7.00      3.15       1.15  10.94  12.93
52  1964   34.42   23.50   10.48      7.39      3.37       1.30  10.92  13.02
53  1965   34.78   23.88   10.89      7.73      3.66       1.49  10.90  12.98
54  1966   33.67   22.92   10.18      7.22      3.39       1.29  10.75  12.74
55  1967   34.44   23.70   10.74      7.67      3.68       1.42  10.74  12.96
56  1968   34.85   24.15   11.21      8.14      4.02       1.61  10.70  12.94
57  1969   33.93   23.08   10.35      7.45      3.69       1.56  10.85  12.73
58  1970   32.63   21.66    9.03      6.25      2.78       1.00  10.96  12.64
59  1971   33.34   22.26    9.40      6.56      2.99       1.11  11.08  12.86
60  1972   33.59   22.52    9.64      6.78      3.13       1.18  11.07  12.88
61  1973   33.33   22.21    9.16      6.30      2.76       0.94  11.12  13.05
62  1974   33.31   22.12    9.12      6.31      2.73       0.88  11.19  13.00
63  1975   33.43   21.98    8.87      6.07      2.56       0.85  11.45  13.11
64  1976   33.41   21.97    8.86      6.07      2.59       0.86  11.44  13.11
65  1977   33.58   22.12    9.03      6.22      2.71       0.92  11.46  13.10
66  1978   33.49   22.04    8.95      6.16      2.65       0.86  11.45  13.09
67  1979   34.21   22.93    9.96      7.11      3.44       1.37  11.28  12.97
68  1980   34.63   23.17   10.02      7.15      3.41       1.28  11.47  13.15
69  1981   34.54   23.04   10.02      7.23      3.57       1.37  11.51  13.02
70  1982   35.33   23.83   10.80      7.97      4.18       1.73  11.50  13.04
71  1983   36.38   24.85   11.56      8.63      4.62       1.88  11.53  13.30
72  1984   36.74   25.29   11.99      9.04      4.98       2.15  11.45  13.30
73  1985   37.56   26.12   12.67      9.63      5.32       2.24  11.44  13.45
74  1986   40.63   29.49   15.92     12.62      7.40       3.34  11.14  13.57
75  1987   38.25   26.54   12.66      9.45      4.90       1.91  11.71  13.88
76  1988   40.63   29.29   15.49     12.09      6.80       2.86  11.34  13.80
77  1989   40.08   28.55   14.49     11.08      6.00       2.45  11.54  14.06
78  1990   39.98   28.41   14.33     10.94      5.82       2.33  11.57  14.08
79  1991   39.55   27.72   13.36      9.99      5.12       1.96  11.82  14.36
80  1992   40.82   29.06   14.67     11.20      6.03       2.46  11.76  14.39
81  1993   40.68   28.83   14.24     10.78      5.73       2.32  11.85  14.60
82  1994   40.78   28.89   14.23     10.73      5.70       2.29  11.89  14.66
83  1995   42.11   30.22   15.23     11.57      6.21       2.46  11.89  14.99
84  1996   43.48   31.76   16.69     12.91      7.24       3.06  11.73  15.07
85  1997   44.64   33.14   18.02     14.16      8.19       3.53  11.50  15.13
86  1998   45.39   34.10   19.09     15.18      9.00       3.92  11.30  15.01
87  1999   46.47   35.22   20.04     16.04      9.62       4.21  11.25  15.17
88  2000   47.61   36.61   21.52     17.46     10.88       5.07  11.00  15.09
89  2001   44.82   33.35   18.22     14.32      8.37       3.70  11.47  15.13
90  2002   43.82   32.07   16.87     13.04      7.34       3.14  11.75  15.20
91  2003   44.53   32.77   17.53     13.67      7.87       3.49  11.76  15.24
92  2004   46.40   34.95   19.75     15.74      9.47       4.34  11.45  15.20
93  2005   48.33   37.16   21.92     17.77     10.98       5.13  11.18  15.24
94  2006   49.32   38.08   22.82     18.62     11.59       5.46  11.24  15.26
95  2007   49.74   38.67   23.50     19.31     12.28       6.04  11.07  15.17
96  2008   48.23   36.52   20.95     16.87     10.40       5.03  11.71  15.57
97  2009   46.50   34.11   18.12     14.15      8.30       3.89  12.39  15.99
98  2010   48.04   35.85   19.86     15.83      9.66       4.78  12.19  15.99
99  2011   48.13   35.89   19.65     15.55      9.27       4.32  12.24  16.24
100 2012   50.42   38.56   22.46     18.22     11.33       5.47  11.87  16.09
    P99_99.5 P99.5_99.9 P99.9_99.99 P99.5_99.99 P99_99.9
1       3.23       6.11        5.86       11.97     9.34
2       3.08       6.48        5.87       12.35     9.56
3       3.00       5.36        4.86       10.22     8.36
4       2.94       5.86        5.73       11.59     8.80
5       3.39       5.94        5.04       10.98     9.34
6       3.53       5.71        4.26        9.97     9.24
7       3.77       6.01        4.34       10.35     9.78
8       3.69       5.79        3.69        9.48     9.47
9       3.94       6.10        3.91       10.01    10.04
10      4.00       6.42        4.36       10.78    10.42
11      3.73       6.00        3.91        9.91     9.73
12      4.02       6.61        4.46       11.07    10.63
13      4.38       7.34        5.21       12.55    11.72
14      4.36       7.09        5.09       12.18    11.45
15      4.43       7.34        5.50       12.84    11.78
16      4.54       7.86        6.52       14.38    12.40
17      4.29       7.15        5.92       13.07    11.44
18      4.02       6.13        4.23       10.36    10.15
19      3.93       5.67        3.64        9.31     9.61
20      3.93       5.65        3.98        9.63     9.59
21      4.00       5.86        4.26       10.12     9.85
22      4.10       6.17        4.06       10.23    10.27
23      4.04       6.24        4.20       10.44    10.29
24      4.43       7.29        5.03       12.32    11.72
25      4.13       6.53        4.32       10.85    10.66
26      3.98       5.89        3.69        9.58     9.87
27      4.12       6.19        3.91       10.10    10.31
28      4.14       6.33        3.96       10.29    10.47
29      3.92       6.06        3.83        9.89     9.98
30      3.36       5.26        3.27        8.53     8.62
31      3.16       4.88        3.03        7.91     8.05
32      3.02       4.50        2.59        7.09     7.52
33      3.38       4.98        2.90        7.88     8.36
34      3.66       5.22        2.92        8.14     8.89
35      3.34       4.70        2.61        7.31     8.04
36      3.34       4.85        2.75        7.60     8.18
37      3.25       4.64        2.59        7.23     7.90
38      3.45       4.98        3.17        8.15     8.43
39      3.26       4.64        2.61        7.25     7.90
40      3.05       4.31        2.34        6.65     7.36
41      2.88       3.97        2.09        6.06     6.84
42      3.06       4.22        2.32        6.54     7.28
43      3.10       4.25        2.40        6.65     7.35
44      2.97       4.22        2.29        6.51     7.18
45      2.93       4.05        2.13        6.18     6.98
46      2.94       4.05        2.14        6.19     6.99
47      2.93       4.27        2.26        6.53     7.20
48      2.91       3.88        2.07        5.95     6.78
49      2.98       4.01        2.27        6.28     6.99
50      2.89       3.86        2.03        5.89     6.76
51      2.92       3.85        2.00        5.85     6.77
52      3.09       4.01        2.07        6.08     7.11
53      3.17       4.07        2.17        6.24     7.23
54      2.96       3.83        2.10        5.93     6.79
55      3.06       4.00        2.26        6.26     7.06
56      3.07       4.12        2.41        6.53     7.19
57      2.91       3.75        2.14        5.89     6.66
58      2.77       3.48        1.78        5.26     6.25
59      2.84       3.58        1.87        5.45     6.41
60      2.86       3.65        1.95        5.60     6.51
61      2.86       3.54        1.82        5.36     6.40
62      2.82       3.58        1.85        5.43     6.39
63      2.80       3.50        1.72        5.22     6.31
64      2.79       3.47        1.73        5.20     6.27
65      2.81       3.51        1.78        5.29     6.32
66      2.79       3.51        1.79        5.30     6.30
67      2.85       3.67        2.07        5.74     6.52
68      2.87       3.74        2.13        5.87     6.61
69      2.78       3.67        2.20        5.87     6.45
70      2.83       3.79        2.44        6.23     6.62
71      2.92       4.01        2.74        6.75     6.94
72      2.95       4.06        2.83        6.89     7.01
73      3.04       4.31        3.08        7.39     7.35
74      3.30       5.22        4.05        9.27     8.52
75      3.21       4.55        2.99        7.54     7.76
76      3.40       5.29        3.94        9.23     8.69
77      3.41       5.08        3.54        8.62     8.49
78      3.39       5.12        3.49        8.61     8.51
79      3.38       4.86        3.17        8.03     8.24
80      3.47       5.17        3.57        8.74     8.64
81      3.46       5.05        3.41        8.46     8.51
82      3.50       5.03        3.41        8.44     8.53
83      3.66       5.36        3.74        9.10     9.02
84      3.78       5.67        4.18        9.85     9.45
85      3.86       5.97        4.66       10.63     9.83
86      3.91       6.18        5.07       11.25    10.09
87      4.01       6.41        5.41       11.82    10.42
88      4.07       6.58        5.80       12.38    10.64
89      3.90       5.96        4.67       10.63     9.85
90      3.83       5.70        4.20        9.90     9.53
91      3.86       5.80        4.38       10.18     9.66
92      4.01       6.28        5.12       11.40    10.28
93      4.15       6.79        5.86       12.65    10.94
94      4.21       7.03        6.13       13.16    11.23
95      4.19       7.04        6.24       13.28    11.22
96      4.08       6.47        5.37       11.84    10.55
97      3.97       5.86        4.40       10.26     9.82
98      4.03       6.17        4.88       11.05    10.20
99      4.10       6.28        4.94       11.22    10.38
100     4.25       6.89        5.86       12.75    11.13
    year P90_100 P95_100 P99_100 P99.5_100 P99.9_100 P99.99_100 P90_95 P95_99
1   1913      NA      NA   17.96     14.73      8.62       2.76     NA     NA
2   1914      NA      NA   18.16     15.08      8.60       2.73     NA     NA
3   1915      NA      NA   17.58     14.58      9.22       4.36     NA     NA
4   1916      NA      NA   19.31     16.37     10.51       4.78     NA     NA
5   1917   40.51   30.64   17.74     14.34      8.40       3.37   9.87  12.90
6   1918   40.11   29.49   15.96     12.43      6.72       2.45  10.61  13.53
7   1919   40.32   30.17   16.41     12.64      6.63       2.29  10.15  13.76
8   1920   39.01   28.32   14.83     11.14      5.36       1.66  10.69  13.49
9   1921   43.18   30.80   15.64     11.70      5.60       1.69  12.38  15.17
10  1922   43.72   31.94   17.06     13.06      6.64       2.27  11.78  14.89
11  1923   41.46   29.78   15.64     11.91      5.91       2.00  11.68  14.13
12  1924   44.41   32.11   17.42     13.40      6.79       2.32  12.29  14.69
13  1925   46.35   35.01   20.24     15.86      8.52       3.31  11.34  14.77
14  1926   45.71   34.61   19.91     15.55      8.46       3.36  11.10  14.70
15  1927   46.67   35.69   21.03     16.60      9.25       3.75  10.98  14.67
16  1928   49.29   38.56   23.94     19.40     11.54       5.02  10.73  14.62
17  1929   46.71   36.48   22.35     18.07     10.91       4.99  10.23  14.13
18  1930   43.87   32.06   17.22     13.20      7.07       2.84  11.80  14.84
19  1931   44.54   31.23   15.50     11.57      5.89       2.25  13.31  15.73
20  1932   46.37   32.67   15.56     11.62      5.97       1.99  13.70  17.11
21  1933   45.60   33.19   16.46     12.46      6.61       2.34  12.42  16.73
22  1934   45.78   33.71   16.40     12.30      6.13       2.07  12.07  17.32
23  1935   44.49   32.28   16.68     12.63      6.39       2.19  12.21  15.61
24  1936   46.59   34.64   19.29     14.86      7.57       2.54  11.96  15.35
25  1937   44.23   32.27   17.15     13.02      6.49       2.17  11.96  15.12
26  1938   44.07   31.34   15.75     11.78      5.88       2.19  12.73  15.59
27  1939   45.52   32.28   16.18     12.06      5.87       1.96  13.24  16.10
28  1940   45.29   32.22   16.48     12.33      6.01       2.04  13.07  15.74
29  1941   41.93   29.99   15.79     11.86      5.81       1.98  11.94  14.21
30  1942   36.13   25.80   13.43     10.07      4.81       1.55  10.32  12.37
31  1943   33.69   24.08   12.31      9.15      4.26       1.24   9.61  11.77
32  1944   32.51   22.77   11.28      8.26      3.76       1.16   9.75  11.48
33  1945   34.42   24.79   12.52      9.14      4.16       1.26   9.63  12.28
34  1946   36.70   26.77   13.28      9.61      4.39       1.47   9.93  13.49
35  1947   34.35   24.68   11.96      8.61      3.92       1.30   9.67  12.72
36  1948   35.01   25.06   12.24      8.90      4.06       1.31   9.96  12.81
37  1949   34.75   24.51   11.73      8.48      3.83       1.24  10.25  12.78
38  1950   35.56   25.53   12.82      9.37      4.39       1.22  10.03  12.71
39  1951   34.22   24.20   11.79      8.53      3.89       1.28  10.02  12.41
40  1952   33.21   23.07   10.79      7.74      3.43       1.09  10.14  12.28
41  1953   32.31   22.01    9.90      7.02      3.06       0.97  10.29  12.11
42  1954   33.64   23.30   10.77      7.71      3.49       1.17  10.34  12.52
43  1955   33.94   23.60   11.06      7.96      3.71       1.32  10.34  12.54
44  1956   33.46   23.13   10.67      7.70      3.49       1.20  10.34  12.45
45  1957   32.99   22.60   10.16      7.23      3.18       1.05  10.38  12.44
46  1958   33.56   22.93   10.21      7.27      3.22       1.08  10.63  12.72
47  1959   34.00   23.39   10.65      7.72      3.45       1.19  10.61  12.74
48  1960   33.48   22.57   10.03      7.13      3.25       1.17  10.90  12.54
49  1961   34.25   23.50   10.64      7.66      3.65       1.38  10.75  12.86
50  1962   33.70   22.81    9.95      7.06      3.19       1.16  10.90  12.86
51  1963   33.78   22.84    9.92      7.00      3.15       1.15  10.94  12.93
52  1964   34.42   23.50   10.48      7.39      3.37       1.30  10.92  13.02
53  1965   34.78   23.88   10.89      7.73      3.66       1.49  10.90  12.98
54  1966   33.67   22.92   10.18      7.22      3.39       1.29  10.75  12.74
55  1967   34.44   23.70   10.74      7.67      3.68       1.42  10.74  12.96
56  1968   34.85   24.15   11.21      8.14      4.02       1.61  10.70  12.94
57  1969   33.93   23.08   10.35      7.45      3.69       1.56  10.85  12.73
58  1970   32.63   21.66    9.03      6.25      2.78       1.00  10.96  12.64
59  1971   33.34   22.26    9.40      6.56      2.99       1.11  11.08  12.86
60  1972   33.59   22.52    9.64      6.78      3.13       1.18  11.07  12.88
61  1973   33.33   22.21    9.16      6.30      2.76       0.94  11.12  13.05
62  1974   33.31   22.12    9.12      6.31      2.73       0.88  11.19  13.00
63  1975   33.43   21.98    8.87      6.07      2.56       0.85  11.45  13.11
64  1976   33.41   21.97    8.86      6.07      2.59       0.86  11.44  13.11
65  1977   33.58   22.12    9.03      6.22      2.71       0.92  11.46  13.10
66  1978   33.49   22.04    8.95      6.16      2.65       0.86  11.45  13.09
67  1979   34.21   22.93    9.96      7.11      3.44       1.37  11.28  12.97
68  1980   34.63   23.17   10.02      7.15      3.41       1.28  11.47  13.15
69  1981   34.54   23.04   10.02      7.23      3.57       1.37  11.51  13.02
70  1982   35.33   23.83   10.80      7.97      4.18       1.73  11.50  13.04
71  1983   36.38   24.85   11.56      8.63      4.62       1.88  11.53  13.30
72  1984   36.74   25.29   11.99      9.04      4.98       2.15  11.45  13.30
73  1985   37.56   26.12   12.67      9.63      5.32       2.24  11.44  13.45
74  1986   40.63   29.49   15.92     12.62      7.40       3.34  11.14  13.57
75  1987   38.25   26.54   12.66      9.45      4.90       1.91  11.71  13.88
76  1988   40.63   29.29   15.49     12.09      6.80       2.86  11.34  13.80
77  1989   40.08   28.55   14.49     11.08      6.00       2.45  11.54  14.06
78  1990   39.98   28.41   14.33     10.94      5.82       2.33  11.57  14.08
79  1991   39.55   27.72   13.36      9.99      5.12       1.96  11.82  14.36
80  1992   40.82   29.06   14.67     11.20      6.03       2.46  11.76  14.39
81  1993   40.68   28.83   14.24     10.78      5.73       2.32  11.85  14.60
82  1994   40.78   28.89   14.23     10.73      5.70       2.29  11.89  14.66
83  1995   42.11   30.22   15.23     11.57      6.21       2.46  11.89  14.99
84  1996   43.48   31.76   16.69     12.91      7.24       3.06  11.73  15.07
85  1997   44.64   33.14   18.02     14.16      8.19       3.53  11.50  15.13
86  1998   45.39   34.10   19.09     15.18      9.00       3.92  11.30  15.01
87  1999   46.47   35.22   20.04     16.04      9.62       4.21  11.25  15.17
88  2000   47.61   36.61   21.52     17.46     10.88       5.07  11.00  15.09
89  2001   44.82   33.35   18.22     14.32      8.37       3.70  11.47  15.13
90  2002   43.82   32.07   16.87     13.04      7.34       3.14  11.75  15.20
91  2003   44.53   32.77   17.53     13.67      7.87       3.49  11.76  15.24
92  2004   46.40   34.95   19.75     15.74      9.47       4.34  11.45  15.20
93  2005   48.33   37.16   21.92     17.77     10.98       5.13  11.18  15.24
94  2006   49.32   38.08   22.82     18.62     11.59       5.46  11.24  15.26
95  2007   49.74   38.67   23.50     19.31     12.28       6.04  11.07  15.17
96  2008   48.23   36.52   20.95     16.87     10.40       5.03  11.71  15.57
97  2009   46.50   34.11   18.12     14.15      8.30       3.89  12.39  15.99
98  2010   48.04   35.85   19.86     15.83      9.66       4.78  12.19  15.99
99  2011   48.13   35.89   19.65     15.55      9.27       4.32  12.24  16.24
100 2012   50.42   38.56   22.46     18.22     11.33       5.47  11.87  16.09
    P99_99.5 P99.5_99.9 P99.9_99.99 P99.5_99.99 P99_99.9
1       3.23       6.11        5.86       11.97     9.34
2       3.08       6.48        5.87       12.35     9.56
3       3.00       5.36        4.86       10.22     8.36
4       2.94       5.86        5.73       11.59     8.80
5       3.39       5.94        5.04       10.98     9.34
6       3.53       5.71        4.26        9.97     9.24
7       3.77       6.01        4.34       10.35     9.78
8       3.69       5.79        3.69        9.48     9.47
9       3.94       6.10        3.91       10.01    10.04
10      4.00       6.42        4.36       10.78    10.42
11      3.73       6.00        3.91        9.91     9.73
12      4.02       6.61        4.46       11.07    10.63
13      4.38       7.34        5.21       12.55    11.72
14      4.36       7.09        5.09       12.18    11.45
15      4.43       7.34        5.50       12.84    11.78
16      4.54       7.86        6.52       14.38    12.40
17      4.29       7.15        5.92       13.07    11.44
18      4.02       6.13        4.23       10.36    10.15
19      3.93       5.67        3.64        9.31     9.61
20      3.93       5.65        3.98        9.63     9.59
21      4.00       5.86        4.26       10.12     9.85
22      4.10       6.17        4.06       10.23    10.27
23      4.04       6.24        4.20       10.44    10.29
24      4.43       7.29        5.03       12.32    11.72
25      4.13       6.53        4.32       10.85    10.66
26      3.98       5.89        3.69        9.58     9.87
27      4.12       6.19        3.91       10.10    10.31
28      4.14       6.33        3.96       10.29    10.47
29      3.92       6.06        3.83        9.89     9.98
30      3.36       5.26        3.27        8.53     8.62
31      3.16       4.88        3.03        7.91     8.05
32      3.02       4.50        2.59        7.09     7.52
33      3.38       4.98        2.90        7.88     8.36
34      3.66       5.22        2.92        8.14     8.89
35      3.34       4.70        2.61        7.31     8.04
36      3.34       4.85        2.75        7.60     8.18
37      3.25       4.64        2.59        7.23     7.90
38      3.45       4.98        3.17        8.15     8.43
39      3.26       4.64        2.61        7.25     7.90
40      3.05       4.31        2.34        6.65     7.36
41      2.88       3.97        2.09        6.06     6.84
42      3.06       4.22        2.32        6.54     7.28
43      3.10       4.25        2.40        6.65     7.35
44      2.97       4.22        2.29        6.51     7.18
45      2.93       4.05        2.13        6.18     6.98
46      2.94       4.05        2.14        6.19     6.99
47      2.93       4.27        2.26        6.53     7.20
48      2.91       3.88        2.07        5.95     6.78
49      2.98       4.01        2.27        6.28     6.99
50      2.89       3.86        2.03        5.89     6.76
51      2.92       3.85        2.00        5.85     6.77
52      3.09       4.01        2.07        6.08     7.11
53      3.17       4.07        2.17        6.24     7.23
54      2.96       3.83        2.10        5.93     6.79
55      3.06       4.00        2.26        6.26     7.06
56      3.07       4.12        2.41        6.53     7.19
57      2.91       3.75        2.14        5.89     6.66
58      2.77       3.48        1.78        5.26     6.25
59      2.84       3.58        1.87        5.45     6.41
60      2.86       3.65        1.95        5.60     6.51
61      2.86       3.54        1.82        5.36     6.40
62      2.82       3.58        1.85        5.43     6.39
63      2.80       3.50        1.72        5.22     6.31
64      2.79       3.47        1.73        5.20     6.27
65      2.81       3.51        1.78        5.29     6.32
66      2.79       3.51        1.79        5.30     6.30
67      2.85       3.67        2.07        5.74     6.52
68      2.87       3.74        2.13        5.87     6.61
69      2.78       3.67        2.20        5.87     6.45
70      2.83       3.79        2.44        6.23     6.62
71      2.92       4.01        2.74        6.75     6.94
72      2.95       4.06        2.83        6.89     7.01
73      3.04       4.31        3.08        7.39     7.35
74      3.30       5.22        4.05        9.27     8.52
75      3.21       4.55        2.99        7.54     7.76
76      3.40       5.29        3.94        9.23     8.69
77      3.41       5.08        3.54        8.62     8.49
78      3.39       5.12        3.49        8.61     8.51
79      3.38       4.86        3.17        8.03     8.24
80      3.47       5.17        3.57        8.74     8.64
81      3.46       5.05        3.41        8.46     8.51
82      3.50       5.03        3.41        8.44     8.53
83      3.66       5.36        3.74        9.10     9.02
84      3.78       5.67        4.18        9.85     9.45
85      3.86       5.97        4.66       10.63     9.83
86      3.91       6.18        5.07       11.25    10.09
87      4.01       6.41        5.41       11.82    10.42
88      4.07       6.58        5.80       12.38    10.64
89      3.90       5.96        4.67       10.63     9.85
90      3.83       5.70        4.20        9.90     9.53
91      3.86       5.80        4.38       10.18     9.66
92      4.01       6.28        5.12       11.40    10.28
93      4.15       6.79        5.86       12.65    10.94
94      4.21       7.03        6.13       13.16    11.23
95      4.19       7.04        6.24       13.28    11.22
96      4.08       6.47        5.37       11.84    10.55
97      3.97       5.86        4.40       10.26     9.82
98      4.03       6.17        4.88       11.05    10.20
99      4.10       6.28        4.94       11.22    10.38
100     4.25       6.89        5.86       12.75    11.13
    V1    V2    V3    V4    V5    V6   V7    V8    V9  V10  V11  V12
1 2012 50.60 38.82 22.83 18.59 11.71 5.81 11.78 15.99 4.24 6.88 5.90
2 2013 48.89 36.63 20.08 15.89  9.47 4.48 12.27 16.55 4.20 6.41 4.99
'data.frame':	2 obs. of  12 variables:
 $ V1 : int  2012 2013
 $ V2 : num  50.6 48.9
 $ V3 : num  38.8 36.6
 $ V4 : num  22.8 20.1
 $ V5 : num  18.6 15.9
 $ V6 : num  11.71 9.47
 $ V7 : num  5.81 4.48
 $ V8 : num  11.8 12.3
 $ V9 : num  16 16.6
 $ V10: num  4.24 4.2
 $ V11: num  6.88 6.41
 $ V12: num  5.9 4.99
'data.frame':	100 obs. of  14 variables:
 $ year       : int  1913 1914 1915 1916 1917 1918 1919 1920 1921 1922 ...
 $ P90_100    : num  NA NA NA NA 40.5 ...
 $ P95_100    : num  NA NA NA NA 30.6 ...
 $ P99_100    : num  18 18.2 17.6 19.3 17.7 ...
 $ P99.5_100  : num  14.7 15.1 14.6 16.4 14.3 ...
 $ P99.9_100  : num  8.62 8.6 9.22 10.51 8.4 ...
 $ P99.99_100 : num  2.76 2.73 4.36 4.78 3.37 2.45 2.29 1.66 1.69 2.27 ...
 $ P90_95     : num  NA NA NA NA 9.87 ...
 $ P95_99     : num  NA NA NA NA 12.9 ...
 $ P99_99.5   : num  3.23 3.08 3 2.94 3.39 3.53 3.77 3.69 3.94 4 ...
 $ P99.5_99.9 : num  6.11 6.48 5.36 5.86 5.94 5.71 6.01 5.79 6.1 6.42 ...
 $ P99.9_99.99: num  5.86 5.87 4.86 5.73 5.04 4.26 4.34 3.69 3.91 4.36 ...
 $ P99.5_99.99: num  12 12.4 10.2 11.6 11 ...
 $ P99_99.9   : num  9.34 9.56 8.36 8.8 9.34 ...
[1] "add12_13"                "top.income.shares"      
[3] "US.top.income.shares"    "US.top.income.shares.13"
[5] "v"                       "year"                   
'data.frame':	100 obs. of  11 variables:
 $ V1 : num  NA NA NA NA 40.5 ...
 $ V2 : num  NA NA NA NA 30.6 ...
 $ V3 : num  18 18.2 17.6 19.3 17.7 ...
 $ V4 : num  14.7 15.1 14.6 16.4 14.3 ...
 $ V5 : num  8.62 8.6 9.22 10.51 8.4 ...
 $ V6 : num  2.76 2.73 4.36 4.78 3.37 2.45 2.29 1.66 1.69 2.27 ...
 $ V7 : num  NA NA NA NA 9.87 ...
 $ V8 : num  NA NA NA NA 12.9 ...
 $ V9 : num  3.23 3.08 3 2.94 3.39 3.53 3.77 3.69 3.94 4 ...
 $ V10: num  6.11 6.48 5.36 5.86 5.94 5.71 6.01 5.79 6.1 6.42 ...
 $ V11: num  5.86 5.87 4.86 5.73 5.04 4.26 4.34 3.69 3.91 4.36 ...
'data.frame':	100 obs. of  12 variables:
 $ year: int  1913 1914 1915 1916 1917 1918 1919 1920 1921 1922 ...
 $ V1  : num  NA NA NA NA 40.5 ...
 $ V2  : num  NA NA NA NA 30.6 ...
 $ V3  : num  18 18.2 17.6 19.3 17.7 ...
 $ V4  : num  14.7 15.1 14.6 16.4 14.3 ...
 $ V5  : num  8.62 8.6 9.22 10.51 8.4 ...
 $ V6  : num  2.76 2.73 4.36 4.78 3.37 2.45 2.29 1.66 1.69 2.27 ...
 $ V7  : num  NA NA NA NA 9.87 ...
 $ V8  : num  NA NA NA NA 12.9 ...
 $ V9  : num  3.23 3.08 3 2.94 3.39 3.53 3.77 3.69 3.94 4 ...
 $ V10 : num  6.11 6.48 5.36 5.86 5.94 5.71 6.01 5.79 6.1 6.42 ...
 $ V11 : num  5.86 5.87 4.86 5.73 5.04 4.26 4.34 3.69 3.91 4.36 ...
'data.frame':	2 obs. of  12 variables:
 $ V1 : int  2012 2013
 $ V2 : num  50.6 48.9
 $ V3 : num  38.8 36.6
 $ V4 : num  22.8 20.1
 $ V5 : num  18.6 15.9
 $ V6 : num  11.71 9.47
 $ V7 : num  5.81 4.48
 $ V8 : num  11.8 12.3
 $ V9 : num  16 16.6
 $ V10: num  4.24 4.2
 $ V11: num  6.88 6.41
 $ V12: num  5.9 4.99
[1] "add12_13"                "top.income.shares"      
[3] "top.income.shares.2"     "US.top.income.shares"   
[5] "US.top.income.shares.13" "v"                      
[7] "year"                   
 [1] "P90_100"     "P95_100"     "P99_100"     "P99.5_100"   "P99.9_100"  
 [6] "P99.99_100"  "P90_95"      "P95_99"      "P99_99.5"    "P99.5_99.9" 
[11] "P99.9_99.99"
[1] 11
 [1] "V1"  "V2"  "V3"  "V4"  "V5"  "V6"  "V7"  "V8"  "V9"  "V10" "V11"
    year    V1    V2    V3    V4    V5   V6    V7    V8   V9  V10  V11
1   1913    NA    NA 17.96 14.73  8.62 2.76    NA    NA 3.23 6.11 5.86
2   1914    NA    NA 18.16 15.08  8.60 2.73    NA    NA 3.08 6.48 5.87
3   1915    NA    NA 17.58 14.58  9.22 4.36    NA    NA 3.00 5.36 4.86
4   1916    NA    NA 19.31 16.37 10.51 4.78    NA    NA 2.94 5.86 5.73
5   1917 40.51 30.64 17.74 14.34  8.40 3.37  9.87 12.90 3.39 5.94 5.04
6   1918 40.11 29.49 15.96 12.43  6.72 2.45 10.61 13.53 3.53 5.71 4.26
7   1919 40.32 30.17 16.41 12.64  6.63 2.29 10.15 13.76 3.77 6.01 4.34
8   1920 39.01 28.32 14.83 11.14  5.36 1.66 10.69 13.49 3.69 5.79 3.69
9   1921 43.18 30.80 15.64 11.70  5.60 1.69 12.38 15.17 3.94 6.10 3.91
10  1922 43.72 31.94 17.06 13.06  6.64 2.27 11.78 14.89 4.00 6.42 4.36
11  1923 41.46 29.78 15.64 11.91  5.91 2.00 11.68 14.13 3.73 6.00 3.91
12  1924 44.41 32.11 17.42 13.40  6.79 2.32 12.29 14.69 4.02 6.61 4.46
13  1925 46.35 35.01 20.24 15.86  8.52 3.31 11.34 14.77 4.38 7.34 5.21
14  1926 45.71 34.61 19.91 15.55  8.46 3.36 11.10 14.70 4.36 7.09 5.09
15  1927 46.67 35.69 21.03 16.60  9.25 3.75 10.98 14.67 4.43 7.34 5.50
16  1928 49.29 38.56 23.94 19.40 11.54 5.02 10.73 14.62 4.54 7.86 6.52
17  1929 46.71 36.48 22.35 18.07 10.91 4.99 10.23 14.13 4.29 7.15 5.92
18  1930 43.87 32.06 17.22 13.20  7.07 2.84 11.80 14.84 4.02 6.13 4.23
19  1931 44.54 31.23 15.50 11.57  5.89 2.25 13.31 15.73 3.93 5.67 3.64
20  1932 46.37 32.67 15.56 11.62  5.97 1.99 13.70 17.11 3.93 5.65 3.98
21  1933 45.60 33.19 16.46 12.46  6.61 2.34 12.42 16.73 4.00 5.86 4.26
22  1934 45.78 33.71 16.40 12.30  6.13 2.07 12.07 17.32 4.10 6.17 4.06
23  1935 44.49 32.28 16.68 12.63  6.39 2.19 12.21 15.61 4.04 6.24 4.20
24  1936 46.59 34.64 19.29 14.86  7.57 2.54 11.96 15.35 4.43 7.29 5.03
25  1937 44.23 32.27 17.15 13.02  6.49 2.17 11.96 15.12 4.13 6.53 4.32
26  1938 44.07 31.34 15.75 11.78  5.88 2.19 12.73 15.59 3.98 5.89 3.69
27  1939 45.52 32.28 16.18 12.06  5.87 1.96 13.24 16.10 4.12 6.19 3.91
28  1940 45.29 32.22 16.48 12.33  6.01 2.04 13.07 15.74 4.14 6.33 3.96
29  1941 41.93 29.99 15.79 11.86  5.81 1.98 11.94 14.21 3.92 6.06 3.83
30  1942 36.13 25.80 13.43 10.07  4.81 1.55 10.32 12.37 3.36 5.26 3.27
31  1943 33.69 24.08 12.31  9.15  4.26 1.24  9.61 11.77 3.16 4.88 3.03
32  1944 32.51 22.77 11.28  8.26  3.76 1.16  9.75 11.48 3.02 4.50 2.59
33  1945 34.42 24.79 12.52  9.14  4.16 1.26  9.63 12.28 3.38 4.98 2.90
34  1946 36.70 26.77 13.28  9.61  4.39 1.47  9.93 13.49 3.66 5.22 2.92
35  1947 34.35 24.68 11.96  8.61  3.92 1.30  9.67 12.72 3.34 4.70 2.61
36  1948 35.01 25.06 12.24  8.90  4.06 1.31  9.96 12.81 3.34 4.85 2.75
37  1949 34.75 24.51 11.73  8.48  3.83 1.24 10.25 12.78 3.25 4.64 2.59
38  1950 35.56 25.53 12.82  9.37  4.39 1.22 10.03 12.71 3.45 4.98 3.17
39  1951 34.22 24.20 11.79  8.53  3.89 1.28 10.02 12.41 3.26 4.64 2.61
40  1952 33.21 23.07 10.79  7.74  3.43 1.09 10.14 12.28 3.05 4.31 2.34
41  1953 32.31 22.01  9.90  7.02  3.06 0.97 10.29 12.11 2.88 3.97 2.09
42  1954 33.64 23.30 10.77  7.71  3.49 1.17 10.34 12.52 3.06 4.22 2.32
43  1955 33.94 23.60 11.06  7.96  3.71 1.32 10.34 12.54 3.10 4.25 2.40
44  1956 33.46 23.13 10.67  7.70  3.49 1.20 10.34 12.45 2.97 4.22 2.29
45  1957 32.99 22.60 10.16  7.23  3.18 1.05 10.38 12.44 2.93 4.05 2.13
46  1958 33.56 22.93 10.21  7.27  3.22 1.08 10.63 12.72 2.94 4.05 2.14
47  1959 34.00 23.39 10.65  7.72  3.45 1.19 10.61 12.74 2.93 4.27 2.26
48  1960 33.48 22.57 10.03  7.13  3.25 1.17 10.90 12.54 2.91 3.88 2.07
49  1961 34.25 23.50 10.64  7.66  3.65 1.38 10.75 12.86 2.98 4.01 2.27
50  1962 33.70 22.81  9.95  7.06  3.19 1.16 10.90 12.86 2.89 3.86 2.03
51  1963 33.78 22.84  9.92  7.00  3.15 1.15 10.94 12.93 2.92 3.85 2.00
52  1964 34.42 23.50 10.48  7.39  3.37 1.30 10.92 13.02 3.09 4.01 2.07
53  1965 34.78 23.88 10.89  7.73  3.66 1.49 10.90 12.98 3.17 4.07 2.17
54  1966 33.67 22.92 10.18  7.22  3.39 1.29 10.75 12.74 2.96 3.83 2.10
55  1967 34.44 23.70 10.74  7.67  3.68 1.42 10.74 12.96 3.06 4.00 2.26
56  1968 34.85 24.15 11.21  8.14  4.02 1.61 10.70 12.94 3.07 4.12 2.41
57  1969 33.93 23.08 10.35  7.45  3.69 1.56 10.85 12.73 2.91 3.75 2.14
58  1970 32.63 21.66  9.03  6.25  2.78 1.00 10.96 12.64 2.77 3.48 1.78
59  1971 33.34 22.26  9.40  6.56  2.99 1.11 11.08 12.86 2.84 3.58 1.87
60  1972 33.59 22.52  9.64  6.78  3.13 1.18 11.07 12.88 2.86 3.65 1.95
61  1973 33.33 22.21  9.16  6.30  2.76 0.94 11.12 13.05 2.86 3.54 1.82
62  1974 33.31 22.12  9.12  6.31  2.73 0.88 11.19 13.00 2.82 3.58 1.85
63  1975 33.43 21.98  8.87  6.07  2.56 0.85 11.45 13.11 2.80 3.50 1.72
64  1976 33.41 21.97  8.86  6.07  2.59 0.86 11.44 13.11 2.79 3.47 1.73
65  1977 33.58 22.12  9.03  6.22  2.71 0.92 11.46 13.10 2.81 3.51 1.78
66  1978 33.49 22.04  8.95  6.16  2.65 0.86 11.45 13.09 2.79 3.51 1.79
67  1979 34.21 22.93  9.96  7.11  3.44 1.37 11.28 12.97 2.85 3.67 2.07
68  1980 34.63 23.17 10.02  7.15  3.41 1.28 11.47 13.15 2.87 3.74 2.13
69  1981 34.54 23.04 10.02  7.23  3.57 1.37 11.51 13.02 2.78 3.67 2.20
70  1982 35.33 23.83 10.80  7.97  4.18 1.73 11.50 13.04 2.83 3.79 2.44
71  1983 36.38 24.85 11.56  8.63  4.62 1.88 11.53 13.30 2.92 4.01 2.74
72  1984 36.74 25.29 11.99  9.04  4.98 2.15 11.45 13.30 2.95 4.06 2.83
73  1985 37.56 26.12 12.67  9.63  5.32 2.24 11.44 13.45 3.04 4.31 3.08
74  1986 40.63 29.49 15.92 12.62  7.40 3.34 11.14 13.57 3.30 5.22 4.05
75  1987 38.25 26.54 12.66  9.45  4.90 1.91 11.71 13.88 3.21 4.55 2.99
76  1988 40.63 29.29 15.49 12.09  6.80 2.86 11.34 13.80 3.40 5.29 3.94
77  1989 40.08 28.55 14.49 11.08  6.00 2.45 11.54 14.06 3.41 5.08 3.54
78  1990 39.98 28.41 14.33 10.94  5.82 2.33 11.57 14.08 3.39 5.12 3.49
79  1991 39.55 27.72 13.36  9.99  5.12 1.96 11.82 14.36 3.38 4.86 3.17
80  1992 40.82 29.06 14.67 11.20  6.03 2.46 11.76 14.39 3.47 5.17 3.57
81  1993 40.68 28.83 14.24 10.78  5.73 2.32 11.85 14.60 3.46 5.05 3.41
82  1994 40.78 28.89 14.23 10.73  5.70 2.29 11.89 14.66 3.50 5.03 3.41
83  1995 42.11 30.22 15.23 11.57  6.21 2.46 11.89 14.99 3.66 5.36 3.74
84  1996 43.48 31.76 16.69 12.91  7.24 3.06 11.73 15.07 3.78 5.67 4.18
85  1997 44.64 33.14 18.02 14.16  8.19 3.53 11.50 15.13 3.86 5.97 4.66
86  1998 45.39 34.10 19.09 15.18  9.00 3.92 11.30 15.01 3.91 6.18 5.07
87  1999 46.47 35.22 20.04 16.04  9.62 4.21 11.25 15.17 4.01 6.41 5.41
88  2000 47.61 36.61 21.52 17.46 10.88 5.07 11.00 15.09 4.07 6.58 5.80
89  2001 44.82 33.35 18.22 14.32  8.37 3.70 11.47 15.13 3.90 5.96 4.67
90  2002 43.82 32.07 16.87 13.04  7.34 3.14 11.75 15.20 3.83 5.70 4.20
91  2003 44.53 32.77 17.53 13.67  7.87 3.49 11.76 15.24 3.86 5.80 4.38
92  2004 46.40 34.95 19.75 15.74  9.47 4.34 11.45 15.20 4.01 6.28 5.12
93  2005 48.33 37.16 21.92 17.77 10.98 5.13 11.18 15.24 4.15 6.79 5.86
94  2006 49.32 38.08 22.82 18.62 11.59 5.46 11.24 15.26 4.21 7.03 6.13
95  2007 49.74 38.67 23.50 19.31 12.28 6.04 11.07 15.17 4.19 7.04 6.24
96  2008 48.23 36.52 20.95 16.87 10.40 5.03 11.71 15.57 4.08 6.47 5.37
97  2009 46.50 34.11 18.12 14.15  8.30 3.89 12.39 15.99 3.97 5.86 4.40
98  2010 48.04 35.85 19.86 15.83  9.66 4.78 12.19 15.99 4.03 6.17 4.88
99  2011 48.13 35.89 19.65 15.55  9.27 4.32 12.24 16.24 4.10 6.28 4.94
110 2012 50.60 38.82 22.83 18.59 11.71 5.81 11.78 15.99 4.24 6.88 5.90
210 2013 48.89 36.63 20.08 15.89  9.47 4.48 12.27 16.55 4.20 6.41 4.99
  [1] "1"   "2"   "3"   "4"   "5"   "6"   "7"   "8"   "9"   "10"  "11"  "12" 
 [13] "13"  "14"  "15"  "16"  "17"  "18"  "19"  "20"  "21"  "22"  "23"  "24" 
 [25] "25"  "26"  "27"  "28"  "29"  "30"  "31"  "32"  "33"  "34"  "35"  "36" 
 [37] "37"  "38"  "39"  "40"  "41"  "42"  "43"  "44"  "45"  "46"  "47"  "48" 
 [49] "49"  "50"  "51"  "52"  "53"  "54"  "55"  "56"  "57"  "58"  "59"  "60" 
 [61] "61"  "62"  "63"  "64"  "65"  "66"  "67"  "68"  "69"  "70"  "71"  "72" 
 [73] "73"  "74"  "75"  "76"  "77"  "78"  "79"  "80"  "81"  "82"  "83"  "84" 
 [85] "85"  "86"  "87"  "88"  "89"  "90"  "91"  "92"  "93"  "94"  "95"  "96" 
 [97] "97"  "98"  "99"  "100"
  [1] "1"   "2"   "3"   "4"   "5"   "6"   "7"   "8"   "9"   "10"  "11"  "12" 
 [13] "13"  "14"  "15"  "16"  "17"  "18"  "19"  "20"  "21"  "22"  "23"  "24" 
 [25] "25"  "26"  "27"  "28"  "29"  "30"  "31"  "32"  "33"  "34"  "35"  "36" 
 [37] "37"  "38"  "39"  "40"  "41"  "42"  "43"  "44"  "45"  "46"  "47"  "48" 
 [49] "49"  "50"  "51"  "52"  "53"  "54"  "55"  "56"  "57"  "58"  "59"  "60" 
 [61] "61"  "62"  "63"  "64"  "65"  "66"  "67"  "68"  "69"  "70"  "71"  "72" 
 [73] "73"  "74"  "75"  "76"  "77"  "78"  "79"  "80"  "81"  "82"  "83"  "84" 
 [85] "85"  "86"  "87"  "88"  "89"  "90"  "91"  "92"  "93"  "94"  "95"  "96" 
 [97] "97"  "98"  "99"  "110" "210"
    year    V1    V2    V3    V4    V5   V6    V7    V8   V9  V10  V11
1   1913    NA    NA 17.96 14.73  8.62 2.76    NA    NA 3.23 6.11 5.86
2   1914    NA    NA 18.16 15.08  8.60 2.73    NA    NA 3.08 6.48 5.87
3   1915    NA    NA 17.58 14.58  9.22 4.36    NA    NA 3.00 5.36 4.86
4   1916    NA    NA 19.31 16.37 10.51 4.78    NA    NA 2.94 5.86 5.73
5   1917 40.51 30.64 17.74 14.34  8.40 3.37  9.87 12.90 3.39 5.94 5.04
6   1918 40.11 29.49 15.96 12.43  6.72 2.45 10.61 13.53 3.53 5.71 4.26
7   1919 40.32 30.17 16.41 12.64  6.63 2.29 10.15 13.76 3.77 6.01 4.34
8   1920 39.01 28.32 14.83 11.14  5.36 1.66 10.69 13.49 3.69 5.79 3.69
9   1921 43.18 30.80 15.64 11.70  5.60 1.69 12.38 15.17 3.94 6.10 3.91
10  1922 43.72 31.94 17.06 13.06  6.64 2.27 11.78 14.89 4.00 6.42 4.36
11  1923 41.46 29.78 15.64 11.91  5.91 2.00 11.68 14.13 3.73 6.00 3.91
12  1924 44.41 32.11 17.42 13.40  6.79 2.32 12.29 14.69 4.02 6.61 4.46
13  1925 46.35 35.01 20.24 15.86  8.52 3.31 11.34 14.77 4.38 7.34 5.21
14  1926 45.71 34.61 19.91 15.55  8.46 3.36 11.10 14.70 4.36 7.09 5.09
15  1927 46.67 35.69 21.03 16.60  9.25 3.75 10.98 14.67 4.43 7.34 5.50
16  1928 49.29 38.56 23.94 19.40 11.54 5.02 10.73 14.62 4.54 7.86 6.52
17  1929 46.71 36.48 22.35 18.07 10.91 4.99 10.23 14.13 4.29 7.15 5.92
18  1930 43.87 32.06 17.22 13.20  7.07 2.84 11.80 14.84 4.02 6.13 4.23
19  1931 44.54 31.23 15.50 11.57  5.89 2.25 13.31 15.73 3.93 5.67 3.64
20  1932 46.37 32.67 15.56 11.62  5.97 1.99 13.70 17.11 3.93 5.65 3.98
21  1933 45.60 33.19 16.46 12.46  6.61 2.34 12.42 16.73 4.00 5.86 4.26
22  1934 45.78 33.71 16.40 12.30  6.13 2.07 12.07 17.32 4.10 6.17 4.06
23  1935 44.49 32.28 16.68 12.63  6.39 2.19 12.21 15.61 4.04 6.24 4.20
24  1936 46.59 34.64 19.29 14.86  7.57 2.54 11.96 15.35 4.43 7.29 5.03
25  1937 44.23 32.27 17.15 13.02  6.49 2.17 11.96 15.12 4.13 6.53 4.32
26  1938 44.07 31.34 15.75 11.78  5.88 2.19 12.73 15.59 3.98 5.89 3.69
27  1939 45.52 32.28 16.18 12.06  5.87 1.96 13.24 16.10 4.12 6.19 3.91
28  1940 45.29 32.22 16.48 12.33  6.01 2.04 13.07 15.74 4.14 6.33 3.96
29  1941 41.93 29.99 15.79 11.86  5.81 1.98 11.94 14.21 3.92 6.06 3.83
30  1942 36.13 25.80 13.43 10.07  4.81 1.55 10.32 12.37 3.36 5.26 3.27
31  1943 33.69 24.08 12.31  9.15  4.26 1.24  9.61 11.77 3.16 4.88 3.03
32  1944 32.51 22.77 11.28  8.26  3.76 1.16  9.75 11.48 3.02 4.50 2.59
33  1945 34.42 24.79 12.52  9.14  4.16 1.26  9.63 12.28 3.38 4.98 2.90
34  1946 36.70 26.77 13.28  9.61  4.39 1.47  9.93 13.49 3.66 5.22 2.92
35  1947 34.35 24.68 11.96  8.61  3.92 1.30  9.67 12.72 3.34 4.70 2.61
36  1948 35.01 25.06 12.24  8.90  4.06 1.31  9.96 12.81 3.34 4.85 2.75
37  1949 34.75 24.51 11.73  8.48  3.83 1.24 10.25 12.78 3.25 4.64 2.59
38  1950 35.56 25.53 12.82  9.37  4.39 1.22 10.03 12.71 3.45 4.98 3.17
39  1951 34.22 24.20 11.79  8.53  3.89 1.28 10.02 12.41 3.26 4.64 2.61
40  1952 33.21 23.07 10.79  7.74  3.43 1.09 10.14 12.28 3.05 4.31 2.34
41  1953 32.31 22.01  9.90  7.02  3.06 0.97 10.29 12.11 2.88 3.97 2.09
42  1954 33.64 23.30 10.77  7.71  3.49 1.17 10.34 12.52 3.06 4.22 2.32
43  1955 33.94 23.60 11.06  7.96  3.71 1.32 10.34 12.54 3.10 4.25 2.40
44  1956 33.46 23.13 10.67  7.70  3.49 1.20 10.34 12.45 2.97 4.22 2.29
45  1957 32.99 22.60 10.16  7.23  3.18 1.05 10.38 12.44 2.93 4.05 2.13
46  1958 33.56 22.93 10.21  7.27  3.22 1.08 10.63 12.72 2.94 4.05 2.14
47  1959 34.00 23.39 10.65  7.72  3.45 1.19 10.61 12.74 2.93 4.27 2.26
48  1960 33.48 22.57 10.03  7.13  3.25 1.17 10.90 12.54 2.91 3.88 2.07
49  1961 34.25 23.50 10.64  7.66  3.65 1.38 10.75 12.86 2.98 4.01 2.27
50  1962 33.70 22.81  9.95  7.06  3.19 1.16 10.90 12.86 2.89 3.86 2.03
51  1963 33.78 22.84  9.92  7.00  3.15 1.15 10.94 12.93 2.92 3.85 2.00
52  1964 34.42 23.50 10.48  7.39  3.37 1.30 10.92 13.02 3.09 4.01 2.07
53  1965 34.78 23.88 10.89  7.73  3.66 1.49 10.90 12.98 3.17 4.07 2.17
54  1966 33.67 22.92 10.18  7.22  3.39 1.29 10.75 12.74 2.96 3.83 2.10
55  1967 34.44 23.70 10.74  7.67  3.68 1.42 10.74 12.96 3.06 4.00 2.26
56  1968 34.85 24.15 11.21  8.14  4.02 1.61 10.70 12.94 3.07 4.12 2.41
57  1969 33.93 23.08 10.35  7.45  3.69 1.56 10.85 12.73 2.91 3.75 2.14
58  1970 32.63 21.66  9.03  6.25  2.78 1.00 10.96 12.64 2.77 3.48 1.78
59  1971 33.34 22.26  9.40  6.56  2.99 1.11 11.08 12.86 2.84 3.58 1.87
60  1972 33.59 22.52  9.64  6.78  3.13 1.18 11.07 12.88 2.86 3.65 1.95
61  1973 33.33 22.21  9.16  6.30  2.76 0.94 11.12 13.05 2.86 3.54 1.82
62  1974 33.31 22.12  9.12  6.31  2.73 0.88 11.19 13.00 2.82 3.58 1.85
63  1975 33.43 21.98  8.87  6.07  2.56 0.85 11.45 13.11 2.80 3.50 1.72
64  1976 33.41 21.97  8.86  6.07  2.59 0.86 11.44 13.11 2.79 3.47 1.73
65  1977 33.58 22.12  9.03  6.22  2.71 0.92 11.46 13.10 2.81 3.51 1.78
66  1978 33.49 22.04  8.95  6.16  2.65 0.86 11.45 13.09 2.79 3.51 1.79
67  1979 34.21 22.93  9.96  7.11  3.44 1.37 11.28 12.97 2.85 3.67 2.07
68  1980 34.63 23.17 10.02  7.15  3.41 1.28 11.47 13.15 2.87 3.74 2.13
69  1981 34.54 23.04 10.02  7.23  3.57 1.37 11.51 13.02 2.78 3.67 2.20
70  1982 35.33 23.83 10.80  7.97  4.18 1.73 11.50 13.04 2.83 3.79 2.44
71  1983 36.38 24.85 11.56  8.63  4.62 1.88 11.53 13.30 2.92 4.01 2.74
72  1984 36.74 25.29 11.99  9.04  4.98 2.15 11.45 13.30 2.95 4.06 2.83
73  1985 37.56 26.12 12.67  9.63  5.32 2.24 11.44 13.45 3.04 4.31 3.08
74  1986 40.63 29.49 15.92 12.62  7.40 3.34 11.14 13.57 3.30 5.22 4.05
75  1987 38.25 26.54 12.66  9.45  4.90 1.91 11.71 13.88 3.21 4.55 2.99
76  1988 40.63 29.29 15.49 12.09  6.80 2.86 11.34 13.80 3.40 5.29 3.94
77  1989 40.08 28.55 14.49 11.08  6.00 2.45 11.54 14.06 3.41 5.08 3.54
78  1990 39.98 28.41 14.33 10.94  5.82 2.33 11.57 14.08 3.39 5.12 3.49
79  1991 39.55 27.72 13.36  9.99  5.12 1.96 11.82 14.36 3.38 4.86 3.17
80  1992 40.82 29.06 14.67 11.20  6.03 2.46 11.76 14.39 3.47 5.17 3.57
81  1993 40.68 28.83 14.24 10.78  5.73 2.32 11.85 14.60 3.46 5.05 3.41
82  1994 40.78 28.89 14.23 10.73  5.70 2.29 11.89 14.66 3.50 5.03 3.41
83  1995 42.11 30.22 15.23 11.57  6.21 2.46 11.89 14.99 3.66 5.36 3.74
84  1996 43.48 31.76 16.69 12.91  7.24 3.06 11.73 15.07 3.78 5.67 4.18
85  1997 44.64 33.14 18.02 14.16  8.19 3.53 11.50 15.13 3.86 5.97 4.66
86  1998 45.39 34.10 19.09 15.18  9.00 3.92 11.30 15.01 3.91 6.18 5.07
87  1999 46.47 35.22 20.04 16.04  9.62 4.21 11.25 15.17 4.01 6.41 5.41
88  2000 47.61 36.61 21.52 17.46 10.88 5.07 11.00 15.09 4.07 6.58 5.80
89  2001 44.82 33.35 18.22 14.32  8.37 3.70 11.47 15.13 3.90 5.96 4.67
90  2002 43.82 32.07 16.87 13.04  7.34 3.14 11.75 15.20 3.83 5.70 4.20
91  2003 44.53 32.77 17.53 13.67  7.87 3.49 11.76 15.24 3.86 5.80 4.38
92  2004 46.40 34.95 19.75 15.74  9.47 4.34 11.45 15.20 4.01 6.28 5.12
93  2005 48.33 37.16 21.92 17.77 10.98 5.13 11.18 15.24 4.15 6.79 5.86
94  2006 49.32 38.08 22.82 18.62 11.59 5.46 11.24 15.26 4.21 7.03 6.13
95  2007 49.74 38.67 23.50 19.31 12.28 6.04 11.07 15.17 4.19 7.04 6.24
96  2008 48.23 36.52 20.95 16.87 10.40 5.03 11.71 15.57 4.08 6.47 5.37
97  2009 46.50 34.11 18.12 14.15  8.30 3.89 12.39 15.99 3.97 5.86 4.40
98  2010 48.04 35.85 19.86 15.83  9.66 4.78 12.19 15.99 4.03 6.17 4.88
99  2011 48.13 35.89 19.65 15.55  9.27 4.32 12.24 16.24 4.10 6.28 4.94
100 2012 50.60 38.82 22.83 18.59 11.71 5.81 11.78 15.99 4.24 6.88 5.90
101 2013 48.89 36.63 20.08 15.89  9.47 4.48 12.27 16.55 4.20 6.41 4.99
 [1] "P90_100"     "P95_100"     "P99_100"     "P99.5_100"   "P99.9_100"  
 [6] "P99.99_100"  "P90_95"      "P95_99"      "P99_99.5"    "P99.5_99.9" 
[11] "P99.9_99.99"
    year P90_100 P95_100 P99_100 P99.5_100 P99.9_100 P99.99_100 P90_95 P95_99
1   1913      NA      NA   17.96     14.73      8.62       2.76     NA     NA
2   1914      NA      NA   18.16     15.08      8.60       2.73     NA     NA
3   1915      NA      NA   17.58     14.58      9.22       4.36     NA     NA
4   1916      NA      NA   19.31     16.37     10.51       4.78     NA     NA
5   1917   40.51   30.64   17.74     14.34      8.40       3.37   9.87  12.90
6   1918   40.11   29.49   15.96     12.43      6.72       2.45  10.61  13.53
7   1919   40.32   30.17   16.41     12.64      6.63       2.29  10.15  13.76
8   1920   39.01   28.32   14.83     11.14      5.36       1.66  10.69  13.49
9   1921   43.18   30.80   15.64     11.70      5.60       1.69  12.38  15.17
10  1922   43.72   31.94   17.06     13.06      6.64       2.27  11.78  14.89
11  1923   41.46   29.78   15.64     11.91      5.91       2.00  11.68  14.13
12  1924   44.41   32.11   17.42     13.40      6.79       2.32  12.29  14.69
13  1925   46.35   35.01   20.24     15.86      8.52       3.31  11.34  14.77
14  1926   45.71   34.61   19.91     15.55      8.46       3.36  11.10  14.70
15  1927   46.67   35.69   21.03     16.60      9.25       3.75  10.98  14.67
16  1928   49.29   38.56   23.94     19.40     11.54       5.02  10.73  14.62
17  1929   46.71   36.48   22.35     18.07     10.91       4.99  10.23  14.13
18  1930   43.87   32.06   17.22     13.20      7.07       2.84  11.80  14.84
19  1931   44.54   31.23   15.50     11.57      5.89       2.25  13.31  15.73
20  1932   46.37   32.67   15.56     11.62      5.97       1.99  13.70  17.11
21  1933   45.60   33.19   16.46     12.46      6.61       2.34  12.42  16.73
22  1934   45.78   33.71   16.40     12.30      6.13       2.07  12.07  17.32
23  1935   44.49   32.28   16.68     12.63      6.39       2.19  12.21  15.61
24  1936   46.59   34.64   19.29     14.86      7.57       2.54  11.96  15.35
25  1937   44.23   32.27   17.15     13.02      6.49       2.17  11.96  15.12
26  1938   44.07   31.34   15.75     11.78      5.88       2.19  12.73  15.59
27  1939   45.52   32.28   16.18     12.06      5.87       1.96  13.24  16.10
28  1940   45.29   32.22   16.48     12.33      6.01       2.04  13.07  15.74
29  1941   41.93   29.99   15.79     11.86      5.81       1.98  11.94  14.21
30  1942   36.13   25.80   13.43     10.07      4.81       1.55  10.32  12.37
31  1943   33.69   24.08   12.31      9.15      4.26       1.24   9.61  11.77
32  1944   32.51   22.77   11.28      8.26      3.76       1.16   9.75  11.48
33  1945   34.42   24.79   12.52      9.14      4.16       1.26   9.63  12.28
34  1946   36.70   26.77   13.28      9.61      4.39       1.47   9.93  13.49
35  1947   34.35   24.68   11.96      8.61      3.92       1.30   9.67  12.72
36  1948   35.01   25.06   12.24      8.90      4.06       1.31   9.96  12.81
37  1949   34.75   24.51   11.73      8.48      3.83       1.24  10.25  12.78
38  1950   35.56   25.53   12.82      9.37      4.39       1.22  10.03  12.71
39  1951   34.22   24.20   11.79      8.53      3.89       1.28  10.02  12.41
40  1952   33.21   23.07   10.79      7.74      3.43       1.09  10.14  12.28
41  1953   32.31   22.01    9.90      7.02      3.06       0.97  10.29  12.11
42  1954   33.64   23.30   10.77      7.71      3.49       1.17  10.34  12.52
43  1955   33.94   23.60   11.06      7.96      3.71       1.32  10.34  12.54
44  1956   33.46   23.13   10.67      7.70      3.49       1.20  10.34  12.45
45  1957   32.99   22.60   10.16      7.23      3.18       1.05  10.38  12.44
46  1958   33.56   22.93   10.21      7.27      3.22       1.08  10.63  12.72
47  1959   34.00   23.39   10.65      7.72      3.45       1.19  10.61  12.74
48  1960   33.48   22.57   10.03      7.13      3.25       1.17  10.90  12.54
49  1961   34.25   23.50   10.64      7.66      3.65       1.38  10.75  12.86
50  1962   33.70   22.81    9.95      7.06      3.19       1.16  10.90  12.86
51  1963   33.78   22.84    9.92      7.00      3.15       1.15  10.94  12.93
52  1964   34.42   23.50   10.48      7.39      3.37       1.30  10.92  13.02
53  1965   34.78   23.88   10.89      7.73      3.66       1.49  10.90  12.98
54  1966   33.67   22.92   10.18      7.22      3.39       1.29  10.75  12.74
55  1967   34.44   23.70   10.74      7.67      3.68       1.42  10.74  12.96
56  1968   34.85   24.15   11.21      8.14      4.02       1.61  10.70  12.94
57  1969   33.93   23.08   10.35      7.45      3.69       1.56  10.85  12.73
58  1970   32.63   21.66    9.03      6.25      2.78       1.00  10.96  12.64
59  1971   33.34   22.26    9.40      6.56      2.99       1.11  11.08  12.86
60  1972   33.59   22.52    9.64      6.78      3.13       1.18  11.07  12.88
61  1973   33.33   22.21    9.16      6.30      2.76       0.94  11.12  13.05
62  1974   33.31   22.12    9.12      6.31      2.73       0.88  11.19  13.00
63  1975   33.43   21.98    8.87      6.07      2.56       0.85  11.45  13.11
64  1976   33.41   21.97    8.86      6.07      2.59       0.86  11.44  13.11
65  1977   33.58   22.12    9.03      6.22      2.71       0.92  11.46  13.10
66  1978   33.49   22.04    8.95      6.16      2.65       0.86  11.45  13.09
67  1979   34.21   22.93    9.96      7.11      3.44       1.37  11.28  12.97
68  1980   34.63   23.17   10.02      7.15      3.41       1.28  11.47  13.15
69  1981   34.54   23.04   10.02      7.23      3.57       1.37  11.51  13.02
70  1982   35.33   23.83   10.80      7.97      4.18       1.73  11.50  13.04
71  1983   36.38   24.85   11.56      8.63      4.62       1.88  11.53  13.30
72  1984   36.74   25.29   11.99      9.04      4.98       2.15  11.45  13.30
73  1985   37.56   26.12   12.67      9.63      5.32       2.24  11.44  13.45
74  1986   40.63   29.49   15.92     12.62      7.40       3.34  11.14  13.57
75  1987   38.25   26.54   12.66      9.45      4.90       1.91  11.71  13.88
76  1988   40.63   29.29   15.49     12.09      6.80       2.86  11.34  13.80
77  1989   40.08   28.55   14.49     11.08      6.00       2.45  11.54  14.06
78  1990   39.98   28.41   14.33     10.94      5.82       2.33  11.57  14.08
79  1991   39.55   27.72   13.36      9.99      5.12       1.96  11.82  14.36
80  1992   40.82   29.06   14.67     11.20      6.03       2.46  11.76  14.39
81  1993   40.68   28.83   14.24     10.78      5.73       2.32  11.85  14.60
82  1994   40.78   28.89   14.23     10.73      5.70       2.29  11.89  14.66
83  1995   42.11   30.22   15.23     11.57      6.21       2.46  11.89  14.99
84  1996   43.48   31.76   16.69     12.91      7.24       3.06  11.73  15.07
85  1997   44.64   33.14   18.02     14.16      8.19       3.53  11.50  15.13
86  1998   45.39   34.10   19.09     15.18      9.00       3.92  11.30  15.01
87  1999   46.47   35.22   20.04     16.04      9.62       4.21  11.25  15.17
88  2000   47.61   36.61   21.52     17.46     10.88       5.07  11.00  15.09
89  2001   44.82   33.35   18.22     14.32      8.37       3.70  11.47  15.13
90  2002   43.82   32.07   16.87     13.04      7.34       3.14  11.75  15.20
91  2003   44.53   32.77   17.53     13.67      7.87       3.49  11.76  15.24
92  2004   46.40   34.95   19.75     15.74      9.47       4.34  11.45  15.20
93  2005   48.33   37.16   21.92     17.77     10.98       5.13  11.18  15.24
94  2006   49.32   38.08   22.82     18.62     11.59       5.46  11.24  15.26
95  2007   49.74   38.67   23.50     19.31     12.28       6.04  11.07  15.17
96  2008   48.23   36.52   20.95     16.87     10.40       5.03  11.71  15.57
97  2009   46.50   34.11   18.12     14.15      8.30       3.89  12.39  15.99
98  2010   48.04   35.85   19.86     15.83      9.66       4.78  12.19  15.99
99  2011   48.13   35.89   19.65     15.55      9.27       4.32  12.24  16.24
100 2012   50.60   38.82   22.83     18.59     11.71       5.81  11.78  15.99
101 2013   48.89   36.63   20.08     15.89      9.47       4.48  12.27  16.55
    P99_99.5 P99.5_99.9 P99.9_99.99
1       3.23       6.11        5.86
2       3.08       6.48        5.87
3       3.00       5.36        4.86
4       2.94       5.86        5.73
5       3.39       5.94        5.04
6       3.53       5.71        4.26
7       3.77       6.01        4.34
8       3.69       5.79        3.69
9       3.94       6.10        3.91
10      4.00       6.42        4.36
11      3.73       6.00        3.91
12      4.02       6.61        4.46
13      4.38       7.34        5.21
14      4.36       7.09        5.09
15      4.43       7.34        5.50
16      4.54       7.86        6.52
17      4.29       7.15        5.92
18      4.02       6.13        4.23
19      3.93       5.67        3.64
20      3.93       5.65        3.98
21      4.00       5.86        4.26
22      4.10       6.17        4.06
23      4.04       6.24        4.20
24      4.43       7.29        5.03
25      4.13       6.53        4.32
26      3.98       5.89        3.69
27      4.12       6.19        3.91
28      4.14       6.33        3.96
29      3.92       6.06        3.83
30      3.36       5.26        3.27
31      3.16       4.88        3.03
32      3.02       4.50        2.59
33      3.38       4.98        2.90
34      3.66       5.22        2.92
35      3.34       4.70        2.61
36      3.34       4.85        2.75
37      3.25       4.64        2.59
38      3.45       4.98        3.17
39      3.26       4.64        2.61
40      3.05       4.31        2.34
41      2.88       3.97        2.09
42      3.06       4.22        2.32
43      3.10       4.25        2.40
44      2.97       4.22        2.29
45      2.93       4.05        2.13
46      2.94       4.05        2.14
47      2.93       4.27        2.26
48      2.91       3.88        2.07
49      2.98       4.01        2.27
50      2.89       3.86        2.03
51      2.92       3.85        2.00
52      3.09       4.01        2.07
53      3.17       4.07        2.17
54      2.96       3.83        2.10
55      3.06       4.00        2.26
56      3.07       4.12        2.41
57      2.91       3.75        2.14
58      2.77       3.48        1.78
59      2.84       3.58        1.87
60      2.86       3.65        1.95
61      2.86       3.54        1.82
62      2.82       3.58        1.85
63      2.80       3.50        1.72
64      2.79       3.47        1.73
65      2.81       3.51        1.78
66      2.79       3.51        1.79
67      2.85       3.67        2.07
68      2.87       3.74        2.13
69      2.78       3.67        2.20
70      2.83       3.79        2.44
71      2.92       4.01        2.74
72      2.95       4.06        2.83
73      3.04       4.31        3.08
74      3.30       5.22        4.05
75      3.21       4.55        2.99
76      3.40       5.29        3.94
77      3.41       5.08        3.54
78      3.39       5.12        3.49
79      3.38       4.86        3.17
80      3.47       5.17        3.57
81      3.46       5.05        3.41
82      3.50       5.03        3.41
83      3.66       5.36        3.74
84      3.78       5.67        4.18
85      3.86       5.97        4.66
86      3.91       6.18        5.07
87      4.01       6.41        5.41
88      4.07       6.58        5.80
89      3.90       5.96        4.67
90      3.83       5.70        4.20
91      3.86       5.80        4.38
92      4.01       6.28        5.12
93      4.15       6.79        5.86
94      4.21       7.03        6.13
95      4.19       7.04        6.24
96      4.08       6.47        5.37
97      3.97       5.86        4.40
98      4.03       6.17        4.88
99      4.10       6.28        4.94
100     4.24       6.88        5.90
101     4.20       6.41        4.99
$width
[1] 80

    year P90_100 P95_100 P99_100 P99.5_100 P99.9_100 P99.99_100 P90_95 P95_99 P99_99.5 P99.5_99.9 P99.9_99.99
1   1913      NA      NA   17.96     14.73      8.62       2.76     NA     NA     3.23       6.11        5.86
2   1914      NA      NA   18.16     15.08      8.60       2.73     NA     NA     3.08       6.48        5.87
3   1915      NA      NA   17.58     14.58      9.22       4.36     NA     NA     3.00       5.36        4.86
4   1916      NA      NA   19.31     16.37     10.51       4.78     NA     NA     2.94       5.86        5.73
5   1917   40.51   30.64   17.74     14.34      8.40       3.37   9.87  12.90     3.39       5.94        5.04
6   1918   40.11   29.49   15.96     12.43      6.72       2.45  10.61  13.53     3.53       5.71        4.26
7   1919   40.32   30.17   16.41     12.64      6.63       2.29  10.15  13.76     3.77       6.01        4.34
8   1920   39.01   28.32   14.83     11.14      5.36       1.66  10.69  13.49     3.69       5.79        3.69
9   1921   43.18   30.80   15.64     11.70      5.60       1.69  12.38  15.17     3.94       6.10        3.91
10  1922   43.72   31.94   17.06     13.06      6.64       2.27  11.78  14.89     4.00       6.42        4.36
11  1923   41.46   29.78   15.64     11.91      5.91       2.00  11.68  14.13     3.73       6.00        3.91
12  1924   44.41   32.11   17.42     13.40      6.79       2.32  12.29  14.69     4.02       6.61        4.46
13  1925   46.35   35.01   20.24     15.86      8.52       3.31  11.34  14.77     4.38       7.34        5.21
14  1926   45.71   34.61   19.91     15.55      8.46       3.36  11.10  14.70     4.36       7.09        5.09
15  1927   46.67   35.69   21.03     16.60      9.25       3.75  10.98  14.67     4.43       7.34        5.50
16  1928   49.29   38.56   23.94     19.40     11.54       5.02  10.73  14.62     4.54       7.86        6.52
17  1929   46.71   36.48   22.35     18.07     10.91       4.99  10.23  14.13     4.29       7.15        5.92
18  1930   43.87   32.06   17.22     13.20      7.07       2.84  11.80  14.84     4.02       6.13        4.23
19  1931   44.54   31.23   15.50     11.57      5.89       2.25  13.31  15.73     3.93       5.67        3.64
20  1932   46.37   32.67   15.56     11.62      5.97       1.99  13.70  17.11     3.93       5.65        3.98
21  1933   45.60   33.19   16.46     12.46      6.61       2.34  12.42  16.73     4.00       5.86        4.26
22  1934   45.78   33.71   16.40     12.30      6.13       2.07  12.07  17.32     4.10       6.17        4.06
23  1935   44.49   32.28   16.68     12.63      6.39       2.19  12.21  15.61     4.04       6.24        4.20
24  1936   46.59   34.64   19.29     14.86      7.57       2.54  11.96  15.35     4.43       7.29        5.03
25  1937   44.23   32.27   17.15     13.02      6.49       2.17  11.96  15.12     4.13       6.53        4.32
26  1938   44.07   31.34   15.75     11.78      5.88       2.19  12.73  15.59     3.98       5.89        3.69
27  1939   45.52   32.28   16.18     12.06      5.87       1.96  13.24  16.10     4.12       6.19        3.91
28  1940   45.29   32.22   16.48     12.33      6.01       2.04  13.07  15.74     4.14       6.33        3.96
29  1941   41.93   29.99   15.79     11.86      5.81       1.98  11.94  14.21     3.92       6.06        3.83
30  1942   36.13   25.80   13.43     10.07      4.81       1.55  10.32  12.37     3.36       5.26        3.27
31  1943   33.69   24.08   12.31      9.15      4.26       1.24   9.61  11.77     3.16       4.88        3.03
32  1944   32.51   22.77   11.28      8.26      3.76       1.16   9.75  11.48     3.02       4.50        2.59
33  1945   34.42   24.79   12.52      9.14      4.16       1.26   9.63  12.28     3.38       4.98        2.90
34  1946   36.70   26.77   13.28      9.61      4.39       1.47   9.93  13.49     3.66       5.22        2.92
35  1947   34.35   24.68   11.96      8.61      3.92       1.30   9.67  12.72     3.34       4.70        2.61
36  1948   35.01   25.06   12.24      8.90      4.06       1.31   9.96  12.81     3.34       4.85        2.75
37  1949   34.75   24.51   11.73      8.48      3.83       1.24  10.25  12.78     3.25       4.64        2.59
38  1950   35.56   25.53   12.82      9.37      4.39       1.22  10.03  12.71     3.45       4.98        3.17
39  1951   34.22   24.20   11.79      8.53      3.89       1.28  10.02  12.41     3.26       4.64        2.61
40  1952   33.21   23.07   10.79      7.74      3.43       1.09  10.14  12.28     3.05       4.31        2.34
41  1953   32.31   22.01    9.90      7.02      3.06       0.97  10.29  12.11     2.88       3.97        2.09
42  1954   33.64   23.30   10.77      7.71      3.49       1.17  10.34  12.52     3.06       4.22        2.32
43  1955   33.94   23.60   11.06      7.96      3.71       1.32  10.34  12.54     3.10       4.25        2.40
44  1956   33.46   23.13   10.67      7.70      3.49       1.20  10.34  12.45     2.97       4.22        2.29
45  1957   32.99   22.60   10.16      7.23      3.18       1.05  10.38  12.44     2.93       4.05        2.13
46  1958   33.56   22.93   10.21      7.27      3.22       1.08  10.63  12.72     2.94       4.05        2.14
47  1959   34.00   23.39   10.65      7.72      3.45       1.19  10.61  12.74     2.93       4.27        2.26
48  1960   33.48   22.57   10.03      7.13      3.25       1.17  10.90  12.54     2.91       3.88        2.07
49  1961   34.25   23.50   10.64      7.66      3.65       1.38  10.75  12.86     2.98       4.01        2.27
50  1962   33.70   22.81    9.95      7.06      3.19       1.16  10.90  12.86     2.89       3.86        2.03
51  1963   33.78   22.84    9.92      7.00      3.15       1.15  10.94  12.93     2.92       3.85        2.00
52  1964   34.42   23.50   10.48      7.39      3.37       1.30  10.92  13.02     3.09       4.01        2.07
53  1965   34.78   23.88   10.89      7.73      3.66       1.49  10.90  12.98     3.17       4.07        2.17
54  1966   33.67   22.92   10.18      7.22      3.39       1.29  10.75  12.74     2.96       3.83        2.10
55  1967   34.44   23.70   10.74      7.67      3.68       1.42  10.74  12.96     3.06       4.00        2.26
56  1968   34.85   24.15   11.21      8.14      4.02       1.61  10.70  12.94     3.07       4.12        2.41
57  1969   33.93   23.08   10.35      7.45      3.69       1.56  10.85  12.73     2.91       3.75        2.14
58  1970   32.63   21.66    9.03      6.25      2.78       1.00  10.96  12.64     2.77       3.48        1.78
59  1971   33.34   22.26    9.40      6.56      2.99       1.11  11.08  12.86     2.84       3.58        1.87
60  1972   33.59   22.52    9.64      6.78      3.13       1.18  11.07  12.88     2.86       3.65        1.95
61  1973   33.33   22.21    9.16      6.30      2.76       0.94  11.12  13.05     2.86       3.54        1.82
62  1974   33.31   22.12    9.12      6.31      2.73       0.88  11.19  13.00     2.82       3.58        1.85
63  1975   33.43   21.98    8.87      6.07      2.56       0.85  11.45  13.11     2.80       3.50        1.72
64  1976   33.41   21.97    8.86      6.07      2.59       0.86  11.44  13.11     2.79       3.47        1.73
65  1977   33.58   22.12    9.03      6.22      2.71       0.92  11.46  13.10     2.81       3.51        1.78
66  1978   33.49   22.04    8.95      6.16      2.65       0.86  11.45  13.09     2.79       3.51        1.79
67  1979   34.21   22.93    9.96      7.11      3.44       1.37  11.28  12.97     2.85       3.67        2.07
68  1980   34.63   23.17   10.02      7.15      3.41       1.28  11.47  13.15     2.87       3.74        2.13
69  1981   34.54   23.04   10.02      7.23      3.57       1.37  11.51  13.02     2.78       3.67        2.20
70  1982   35.33   23.83   10.80      7.97      4.18       1.73  11.50  13.04     2.83       3.79        2.44
71  1983   36.38   24.85   11.56      8.63      4.62       1.88  11.53  13.30     2.92       4.01        2.74
72  1984   36.74   25.29   11.99      9.04      4.98       2.15  11.45  13.30     2.95       4.06        2.83
73  1985   37.56   26.12   12.67      9.63      5.32       2.24  11.44  13.45     3.04       4.31        3.08
74  1986   40.63   29.49   15.92     12.62      7.40       3.34  11.14  13.57     3.30       5.22        4.05
75  1987   38.25   26.54   12.66      9.45      4.90       1.91  11.71  13.88     3.21       4.55        2.99
76  1988   40.63   29.29   15.49     12.09      6.80       2.86  11.34  13.80     3.40       5.29        3.94
77  1989   40.08   28.55   14.49     11.08      6.00       2.45  11.54  14.06     3.41       5.08        3.54
78  1990   39.98   28.41   14.33     10.94      5.82       2.33  11.57  14.08     3.39       5.12        3.49
79  1991   39.55   27.72   13.36      9.99      5.12       1.96  11.82  14.36     3.38       4.86        3.17
80  1992   40.82   29.06   14.67     11.20      6.03       2.46  11.76  14.39     3.47       5.17        3.57
81  1993   40.68   28.83   14.24     10.78      5.73       2.32  11.85  14.60     3.46       5.05        3.41
82  1994   40.78   28.89   14.23     10.73      5.70       2.29  11.89  14.66     3.50       5.03        3.41
83  1995   42.11   30.22   15.23     11.57      6.21       2.46  11.89  14.99     3.66       5.36        3.74
84  1996   43.48   31.76   16.69     12.91      7.24       3.06  11.73  15.07     3.78       5.67        4.18
85  1997   44.64   33.14   18.02     14.16      8.19       3.53  11.50  15.13     3.86       5.97        4.66
86  1998   45.39   34.10   19.09     15.18      9.00       3.92  11.30  15.01     3.91       6.18        5.07
87  1999   46.47   35.22   20.04     16.04      9.62       4.21  11.25  15.17     4.01       6.41        5.41
88  2000   47.61   36.61   21.52     17.46     10.88       5.07  11.00  15.09     4.07       6.58        5.80
89  2001   44.82   33.35   18.22     14.32      8.37       3.70  11.47  15.13     3.90       5.96        4.67
90  2002   43.82   32.07   16.87     13.04      7.34       3.14  11.75  15.20     3.83       5.70        4.20
91  2003   44.53   32.77   17.53     13.67      7.87       3.49  11.76  15.24     3.86       5.80        4.38
92  2004   46.40   34.95   19.75     15.74      9.47       4.34  11.45  15.20     4.01       6.28        5.12
93  2005   48.33   37.16   21.92     17.77     10.98       5.13  11.18  15.24     4.15       6.79        5.86
94  2006   49.32   38.08   22.82     18.62     11.59       5.46  11.24  15.26     4.21       7.03        6.13
95  2007   49.74   38.67   23.50     19.31     12.28       6.04  11.07  15.17     4.19       7.04        6.24
96  2008   48.23   36.52   20.95     16.87     10.40       5.03  11.71  15.57     4.08       6.47        5.37
97  2009   46.50   34.11   18.12     14.15      8.30       3.89  12.39  15.99     3.97       5.86        4.40
98  2010   48.04   35.85   19.86     15.83      9.66       4.78  12.19  15.99     4.03       6.17        4.88
99  2011   48.13   35.89   19.65     15.55      9.27       4.32  12.24  16.24     4.10       6.28        4.94
100 2012   50.60   38.82   22.83     18.59     11.71       5.81  11.78  15.99     4.24       6.88        5.90
101 2013   48.89   36.63   20.08     15.89      9.47       4.48  12.27  16.55     4.20       6.41        4.99
 [1] "year"        "P90_100"     "P95_100"     "P99_100"     "P99.5_100"   "P99.9_100"   "P99.99_100"  "P90_95"      "P95_99"     
[10] "P99_99.5"    "P99.5_99.9"  "P99.9_99.99" "P99.5_99.99" "P99_99.9"   
  [1] 11.97 12.35 10.22 11.59 10.97  9.98 10.35  9.48 10.01 10.79  9.91 11.08 12.55 12.19 12.85 14.38 13.08 10.36  9.32  9.63 10.12
 [22] 10.23 10.44 12.32 10.85  9.59 10.10 10.29  9.88  8.52  7.91  7.10  7.88  8.14  7.31  7.59  7.24  8.15  7.25  6.65  6.05  6.54
 [43]  6.64  6.50  6.18  6.19  6.53  5.96  6.28  5.90  5.85  6.09  6.24  5.93  6.25  6.53  5.89  5.25  5.45  5.60  5.36  5.43  5.22
 [64]  5.21  5.30  5.30  5.74  5.87  5.86  6.24  6.75  6.89  7.39  9.28  7.54  9.23  8.63  8.61  8.03  8.74  8.46  8.44  9.11  9.85
 [85] 10.63 11.26 11.83 12.39 10.62  9.90 10.18 11.40 12.64 13.16 13.27 11.84 10.26 11.05 11.23 12.78 11.41
  [1] 14.73 15.08 14.58 16.37 14.34 12.43 12.64 11.14 11.70 13.06 11.91 13.40 15.86 15.55 16.60 19.40 18.07 13.20 11.57 11.62 12.46
 [22] 12.30 12.63 14.86 13.02 11.78 12.06 12.33 11.86 10.07  9.15  8.26  9.14  9.61  8.61  8.90  8.48  9.37  8.53  7.74  7.02  7.71
 [43]  7.96  7.70  7.23  7.27  7.72  7.13  7.66  7.06  7.00  7.39  7.73  7.22  7.67  8.14  7.45  6.25  6.56  6.78  6.30  6.31  6.07
 [64]  6.07  6.22  6.16  7.11  7.15  7.23  7.97  8.63  9.04  9.63 12.62  9.45 12.09 11.08 10.94  9.99 11.20 10.78 10.73 11.57 12.91
 [85] 14.16 15.18 16.04 17.46 14.32 13.04 13.67 15.74 17.77 18.62 19.31 16.87 14.15 15.83 15.55 18.59 15.89
  [1] 2.76 2.73 4.36 4.78 3.37 2.45 2.29 1.66 1.69 2.27 2.00 2.32 3.31 3.36 3.75 5.02 4.99 2.84 2.25 1.99 2.34 2.07 2.19 2.54 2.17
 [26] 2.19 1.96 2.04 1.98 1.55 1.24 1.16 1.26 1.47 1.30 1.31 1.24 1.22 1.28 1.09 0.97 1.17 1.32 1.20 1.05 1.08 1.19 1.17 1.38 1.16
 [51] 1.15 1.30 1.49 1.29 1.42 1.61 1.56 1.00 1.11 1.18 0.94 0.88 0.85 0.86 0.92 0.86 1.37 1.28 1.37 1.73 1.88 2.15 2.24 3.34 1.91
 [76] 2.86 2.45 2.33 1.96 2.46 2.32 2.29 2.46 3.06 3.53 3.92 4.21 5.07 3.70 3.14 3.49 4.34 5.13 5.46 6.04 5.03 3.89 4.78 4.32 5.81
[101] 4.48
  year P90_100 P95_100 P99_100 P99.5_100 P99.9_100 P99.99_100 P90_95 P95_99 P99_99.5 P99.5_99.9 P99.9_99.99 P99.5_99.99 P99_99.9
1 1913      NA      NA   17.96     14.73      8.62       2.76     NA     NA     3.23       6.11        5.86       11.97     9.34
2 1914      NA      NA   18.16     15.08      8.60       2.73     NA     NA     3.08       6.48        5.87       12.35     9.56
3 1915      NA      NA   17.58     14.58      9.22       4.36     NA     NA     3.00       5.36        4.86       10.22     8.36
4 1916      NA      NA   19.31     16.37     10.51       4.78     NA     NA     2.94       5.86        5.73       11.59     8.80
5 1917   40.51   30.64   17.74     14.34      8.40       3.37   9.87   12.9     3.39       5.94        5.04       10.97     9.34
  year P90_100 P95_100 P99_100 P99.5_100 P99.9_100 P99.99_100 P90_95 P95_99 P99_99.5 P99.5_99.9 P99.9_99.99 P99.5_99.99 P99_99.9
1 1913      NA      NA   17.96     14.73      8.62       2.76     NA     NA     3.23       6.11        5.86       11.97     9.34
2 1914      NA      NA   18.16     15.08      8.60       2.73     NA     NA     3.08       6.48        5.87       12.35     9.56
3 1915      NA      NA   17.58     14.58      9.22       4.36     NA     NA     3.00       5.36        4.86       10.22     8.36
4 1916      NA      NA   19.31     16.37     10.51       4.78     NA     NA     2.94       5.86        5.73       11.59     8.80
5 1917   40.51   30.64   17.74     14.34      8.40       3.37   9.87   12.9     3.39       5.94        5.04       10.98     9.34
null device 
          1 
[1] "add12_13"                "P99_99.9"                "P99.5_99.99"             "top.income.shares"      
[5] "top.income.shares.2"     "US.top.income.shares"    "US.top.income.shares.13" "v"                      
[9] "year"                   

다운로드된 바이너리 패키지들은 다음의 위치에 있습니다
	/var/folders/_h/tg1th9bd4h98rjjb5vy9gn3m0000gn/T//RtmpWCb9wI/downloaded_packages
[1] TRUE
 [1] "add12_13"                "i"                       "P99_99.9"                "P99.5_99.99"            
 [5] "top.income.shares"       "top.income.shares.2"     "US.top.income.shares"    "US.top.income.shares.13"
 [9] "v"                       "year"                   
 [1] "add12_13"                "i"                       "P99_99.9"                "P99.5_99.99"            
 [5] "top.income.shares"       "top.income.shares.2"     "US.top.income.shares"    "US.top.income.shares.13"
 [9] "v"                       "year"                   
P99.5_99.99 P99_99.9
1 1913      NA      NA   17.96     14.73      8.62       2.76     NA     NA     3.23       6.11        5.86       11.97     9.34
2 1914      NA      NA   18.16     15.08      8.60       2.73     NA     NA     3.08       6.48        5.87       12.35     9.56
3 1915      NA      NA   17.58     14.58      9.22       4.36     NA     NA     3.00       5.36        4.86       10.22     8.36
4 1916      NA      NA   19.31     16.37     10.51       4.78     NA     NA     2.94       5.86        5.73       11.59     8.80
5 1917   40.51   30.64   17.74     14.34      8.40       3.37   9.87   12.9     3.39       5.94        5.04       10.97     9.34
  year P90_100 P95_100 P99_100 P99.5_100 P99.9_100 P99.99_100 P90_95 P95_99 P99_99.5 P99.5_99.9 P99.9_99.99 P99.5_99.99 P99_99.9
1 1913      NA      NA   17.96     14.73      8.62       2.76     NA     NA     3.23       6.11        5.86       11.97     9.34
2 1914      NA      NA   18.16     15.08      8.60       2.73     NA     NA     3.08       6.48        5.87       12.35     9.56
3 1915      NA      NA   17.58     14.58      9.22       4.36     NA     NA     3.00       5.36        4.86       10.22     8.36
4 1916      NA      NA   19.31     16.37     10.51       4.78     NA     NA     2.94       5.86        5.73       11.59     8.80
5 1917   40.51   30.64   17.74     14.34      8.40       3.37   9.87   12.9     3.39       5.94        5.04       10.98     9.34
null device 
          1 
[1] "add12_13"                "P99_99.9"                "P99.5_99.99"             "top.income.shares"      
[5] "top.income.shares.2"     "US.top.income.shares"    "US.top.income.shares.13" "v"                      
[9] "year"                   

다운로드된 바이너리 패키지들은 다음의 위치에 있습니다
	/var/folders/_h/tg1th9bd4h98rjjb5vy9gn3m0000gn/T//RtmpWCb9wI/downloaded_packages
[1] TRUE
 [1] "add12_13"                "i"                       "P99_99.9"                "P99.5_99.99"            
 [5] "top.income.shares"       "top.income.shares.2"     "US.top.income.shares"    "US.top.income.shares.13"
 [9] "v"                       "year"                   
 [1] "add12_13"                "i"                       "P99_99.9"                "P99.5_99.99"            
 [5] "top.income.shares"       "top.income.shares.2"     "US.top.income.shares"    "US.top.income.shares.13"
 [9] "v"                       "year"                   
